<?xml version="1.0" encoding="UTF-8"?>
<!-- Generated by org.testng.reporters.JUnitXMLReporter -->
<testsuite ignored="55" hostname="DESKTOP-5KN6EBV" failures="1" tests="12" name="TestChromeFreelancer" time="304.906" errors="0" timestamp="2020-05-16T16:05:58 IST">
  <testcase classname="GeoPack.FreelancerTest" name="FreelancerMonthly5000NoExtSupport" time="11.144"/>
  <testcase classname="GeoPack.FreelancerTest" name="FreelancerMonthly30000WithExtSupport" time="11.008"/>
  <testcase classname="GeoPack.FreelancerTest" name="FreelancerAnnually50000NoExtSupport" time="10.691"/>
  <testcase classname="GeoPack.FreelancerTest" name="FreelancerAnnually80000WithExtSupport" time="11.461"/>
  <testcase classname="GeoPack.AgencyTest" name="AgencyMonthly10000SmallestNoExtSupport" time="11.21"/>
  <testcase classname="GeoPack.AgencyTest" name="AgencyMonthly20000WithExtSupport" time="11.648"/>
  <testcase classname="GeoPack.AgencyTest" name="AgencyAnnually160000WithExtSupport" time="16.449"/>
  <testcase classname="GeoPack.AgencyTest" name="AgencyMonthly350000WithExtSupport" time="13.08"/>
  <testcase classname="GeoPack.AgencyTest" name="AgencyAnnually750000WithExtSupport" time="11.71"/>
  <testcase classname="GeoPack.AgencyTest" name="AgencyMonthly1000000NoExtSupport" time="9.94"/>
  <testcase classname="GeoPack.EnterPrizeTest" name="EnterprizeAnnually10000SmallestNoExtSupport" time="28.282">
    <failure type="org.openqa.selenium.NoSuchElementException" message="no such element: Unable to locate element: {&amp;quot;method&amp;quot;:&amp;quot;xpath&amp;quot;,&amp;quot;selector&amp;quot;:&amp;quot;//button[@id=&amp;apos;btnCheckout&amp;apos;]&amp;quot;}
  (Session info: chrome=81.0.4044.138)
For documentation on this error, please visit: https://www.seleniumhq.org/exceptions/no_such_element.html
Build info: version: &amp;apos;3.141.59&amp;apos;, revision: &amp;apos;e82be7d358&amp;apos;, time: &amp;apos;2018-11-14T08:17:03&amp;apos;
System info: host: &amp;apos;DESKTOP-5KN6EBV&amp;apos;, ip: &amp;apos;192.168.0.102&amp;apos;, os.name: &amp;apos;Windows 10&amp;apos;, os.arch: &amp;apos;amd64&amp;apos;, os.version: &amp;apos;10.0&amp;apos;, java.version: &amp;apos;11.0.4&amp;apos;
Driver info: org.openqa.selenium.chrome.ChromeDriver
Capabilities {acceptInsecureCerts: false, browserName: chrome, browserVersion: 81.0.4044.138, chrome: {chromedriverVersion: 80.0.3987.106 (f68069574609..., userDataDir: C:\Users\cc\AppData\Local\T...}, goog:chromeOptions: {debuggerAddress: localhost:58479}, javascriptEnabled: true, networkConnectionEnabled: false, pageLoadStrategy: normal, platform: WINDOWS, platformName: WINDOWS, proxy: Proxy(), setWindowRect: true, strictFileInteractability: false, timeouts: {implicit: 0, pageLoad: 300000, script: 30000}, unhandledPromptBehavior: dismiss and notify}
Session ID: b0eeb73add585c71e79ba94c567fe8e3
*** Element info: {Using=xpath, value=//button[@id=&amp;apos;btnCheckout&amp;apos;]}">
      <![CDATA[org.openqa.selenium.NoSuchElementException: no such element: Unable to locate element: {"method":"xpath","selector":"//button[@id='btnCheckout']"}
  (Session info: chrome=81.0.4044.138)
For documentation on this error, please visit: https://www.seleniumhq.org/exceptions/no_such_element.html
Build info: version: '3.141.59', revision: 'e82be7d358', time: '2018-11-14T08:17:03'
System info: host: 'DESKTOP-5KN6EBV', ip: '192.168.0.102', os.name: 'Windows 10', os.arch: 'amd64', os.version: '10.0', java.version: '11.0.4'
Driver info: org.openqa.selenium.chrome.ChromeDriver
Capabilities {acceptInsecureCerts: false, browserName: chrome, browserVersion: 81.0.4044.138, chrome: {chromedriverVersion: 80.0.3987.106 (f68069574609..., userDataDir: C:\Users\cc\AppData\Local\T...}, goog:chromeOptions: {debuggerAddress: localhost:58479}, javascriptEnabled: true, networkConnectionEnabled: false, pageLoadStrategy: normal, platform: WINDOWS, platformName: WINDOWS, proxy: Proxy(), setWindowRect: true, strictFileInteractability: false, timeouts: {implicit: 0, pageLoad: 300000, script: 30000}, unhandledPromptBehavior: dismiss and notify}
Session ID: b0eeb73add585c71e79ba94c567fe8e3
*** Element info: {Using=xpath, value=//button[@id='btnCheckout']}
at org.openqa.selenium.remote.http.W3CHttpResponseCodec.createException(W3CHttpResponseCodec.java:187)
at org.openqa.selenium.remote.http.W3CHttpResponseCodec.decode(W3CHttpResponseCodec.java:122)
at org.openqa.selenium.remote.http.W3CHttpResponseCodec.decode(W3CHttpResponseCodec.java:49)
at org.openqa.selenium.remote.HttpCommandExecutor.execute(HttpCommandExecutor.java:158)
at org.openqa.selenium.remote.service.DriverCommandExecutor.execute(DriverCommandExecutor.java:83)
at org.openqa.selenium.remote.RemoteWebDriver.execute(RemoteWebDriver.java:552)
at org.openqa.selenium.remote.RemoteWebDriver.findElement(RemoteWebDriver.java:323)
at org.openqa.selenium.remote.RemoteWebDriver.findElementByXPath(RemoteWebDriver.java:428)
at org.openqa.selenium.By$ByXPath.findElement(By.java:353)
at org.openqa.selenium.remote.RemoteWebDriver.findElement(RemoteWebDriver.java:315)
at GeoPackPages.CartPage.clickCheckoutButton(CartPage.java:34)
at GeoPackPages.UtilityFunctions.checkoutProcessWithoutExtSupportEnterPrize(UtilityFunctions.java:65)
at GeoPack.EnterPrizeTest.EnterprizeAnnually10000SmallestNoExtSupport(EnterPrizeTest.java:51)
at java.base/java.util.ArrayList.forEach(ArrayList.java:1540)
... Removed 31 stack frames]]>
    </failure>
  </testcase> <!-- EnterprizeAnnually10000SmallestNoExtSupport -->
  <testcase classname="GeoPack.EnterPrizeTest" name="EnterprizeAnnually500000WithExtSupport" time="10.872"/>
  <testcase classname="GeoPack.EnterPrizeTest" name="EnterprizeAnnually250000WithExtSupport" time="0.0">
    <ignored/>
  </testcase> <!-- EnterprizeAnnually250000WithExtSupport -->
  <testcase classname="GeoPack.FreelancerTest" name="FreelancerMonthly80000NoExtSupport" time="0.0">
    <ignored/>
  </testcase> <!-- FreelancerMonthly80000NoExtSupport -->
  <testcase classname="GeoPack.AgencyTest" name="AgencyMonthly20000NoExtSupport" time="0.0">
    <ignored/>
  </testcase> <!-- AgencyMonthly20000NoExtSupport -->
  <testcase classname="GeoPack.AgencyTest" name="AgencyMonthly240000NoExtSupport" time="0.0">
    <ignored/>
  </testcase> <!-- AgencyMonthly240000NoExtSupport -->
  <testcase classname="GeoPack.FreelancerTest" name="FreelancerAnnually50000WithExtSupport" time="0.0">
    <ignored/>
  </testcase> <!-- FreelancerAnnually50000WithExtSupport -->
  <testcase classname="GeoPack.EnterPrizeTest" name="EnterprizeMonthly500000NoExtSupport" time="0.0">
    <ignored/>
  </testcase> <!-- EnterprizeMonthly500000NoExtSupport -->
  <testcase classname="GeoPack.AgencyTest" name="AgencyMonthly80000NoExtSupport" time="0.0">
    <ignored/>
  </testcase> <!-- AgencyMonthly80000NoExtSupport -->
  <testcase classname="GeoPack.AgencyTest" name="AgencyAnnually350000WithExtSupport" time="0.0">
    <ignored/>
  </testcase> <!-- AgencyAnnually350000WithExtSupport -->
  <testcase classname="GeoPack.FreelancerTest" name="FreelancerMonthly50000NoExtSupport" time="0.0">
    <ignored/>
  </testcase> <!-- FreelancerMonthly50000NoExtSupport -->
  <testcase classname="GeoPack.EnterPrizeTest" name="EnterprizeMonthly1000000NoExtSupport" time="0.0">
    <ignored/>
  </testcase> <!-- EnterprizeMonthly1000000NoExtSupport -->
  <testcase classname="GeoPack.FreelancerTest" name="FreelancerMonthly80000WithExtSupport" time="0.0">
    <ignored/>
  </testcase> <!-- FreelancerMonthly80000WithExtSupport -->
  <testcase classname="GeoPack.AgencyTest" name="AgencyAnnually80000NoExtSupport" time="0.0">
    <ignored/>
  </testcase> <!-- AgencyAnnually80000NoExtSupport -->
  <testcase classname="GeoPack.AgencyTest" name="AgencyMonthly240000WithExtSupport" time="0.0">
    <ignored/>
  </testcase> <!-- AgencyMonthly240000WithExtSupport -->
  <testcase classname="GeoPack.AgencyTest" name="AgencyAnnually160000NoExtSupport" time="0.0">
    <ignored/>
  </testcase> <!-- AgencyAnnually160000NoExtSupport -->
  <testcase classname="GeoPack.AgencyTest" name="AgencyAnnually500000WithExtSupport" time="0.0">
    <ignored/>
  </testcase> <!-- AgencyAnnually500000WithExtSupport -->
  <testcase classname="GeoPack.AgencyTest" name="AgencyMonthly160000WithExtSupport" time="0.0">
    <ignored/>
  </testcase> <!-- AgencyMonthly160000WithExtSupport -->
  <testcase classname="GeoPack.AgencyTest" name="AgencyAnnually20000NoExtSupport" time="0.0">
    <ignored/>
  </testcase> <!-- AgencyAnnually20000NoExtSupport -->
  <testcase classname="GeoPack.AgencyTest" name="AgencyAnnually10000WithExtSupport" time="0.0">
    <ignored/>
  </testcase> <!-- AgencyAnnually10000WithExtSupport -->
  <testcase classname="GeoPack.EnterPrizeTest" name="EnterprizeMonthly500000WithExtSupport" time="0.0">
    <ignored/>
  </testcase> <!-- EnterprizeMonthly500000WithExtSupport -->
  <testcase classname="GeoPack.AgencyTest" name="AgencyAnnually20000WithExtSupport" time="0.0">
    <ignored/>
  </testcase> <!-- AgencyAnnually20000WithExtSupport -->
  <testcase classname="GeoPack.AgencyTest" name="AgencyAnnually80000WithExtSupport" time="0.0">
    <ignored/>
  </testcase> <!-- AgencyAnnually80000WithExtSupport -->
  <testcase classname="GeoPack.AgencyTest" name="AgencyMonthly750000NoExtSupport" time="0.0">
    <ignored/>
  </testcase> <!-- AgencyMonthly750000NoExtSupport -->
  <testcase classname="GeoPack.EnterPrizeTest" name="EnterprizeAnnually250000NoExtSupport" time="0.0">
    <ignored/>
  </testcase> <!-- EnterprizeAnnually250000NoExtSupport -->
  <testcase classname="GeoPack.FreelancerTest" name="FreelancerAnnually30000WithExtSupport" time="0.0">
    <ignored/>
  </testcase> <!-- FreelancerAnnually30000WithExtSupport -->
  <testcase classname="GeoPack.EnterPrizeTest" name="EnterprizeAnnually10000SmallestWithExtSupport" time="0.0">
    <ignored/>
  </testcase> <!-- EnterprizeAnnually10000SmallestWithExtSupport -->
  <testcase classname="GeoPack.FreelancerTest" name="FreelancerMonthly50000WithExtSupport" time="0.0">
    <ignored/>
  </testcase> <!-- FreelancerMonthly50000WithExtSupport -->
  <testcase classname="GeoPack.FreelancerTest" name="FreelancerMonthly5000WithExtSupport" time="0.0">
    <ignored/>
  </testcase> <!-- FreelancerMonthly5000WithExtSupport -->
  <testcase classname="GeoPack.AgencyTest" name="AgencyMonthly160000NoExtSupport" time="0.0">
    <ignored/>
  </testcase> <!-- AgencyMonthly160000NoExtSupport -->
  <testcase classname="GeoPack.FreelancerTest" name="FreelancerAnnually30000NoExtSupport" time="0.0">
    <ignored/>
  </testcase> <!-- FreelancerAnnually30000NoExtSupport -->
  <testcase classname="GeoPack.AgencyTest" name="AgencyMonthly1000000WithExtSupport" time="0.0">
    <ignored/>
  </testcase> <!-- AgencyMonthly1000000WithExtSupport -->
  <testcase classname="GeoPack.AgencyTest" name="AgencyAnnually500000NoExtSupport" time="0.0">
    <ignored/>
  </testcase> <!-- AgencyAnnually500000NoExtSupport -->
  <testcase classname="GeoPack.AgencyTest" name="AgencyAnnually240000WithExtSupport" time="0.0">
    <ignored/>
  </testcase> <!-- AgencyAnnually240000WithExtSupport -->
  <testcase classname="GeoPack.EnterPrizeTest" name="EnterprizeMonthly250000WithExtSupport" time="0.0">
    <ignored/>
  </testcase> <!-- EnterprizeMonthly250000WithExtSupport -->
  <testcase classname="GeoPack.FreelancerTest" name="FreelancerAnnually5000WithExtSupport" time="0.0">
    <ignored/>
  </testcase> <!-- FreelancerAnnually5000WithExtSupport -->
  <testcase classname="GeoPack.FreelancerTest" name="FreelancerAnnually5000NoExtSupport" time="0.0">
    <ignored/>
  </testcase> <!-- FreelancerAnnually5000NoExtSupport -->
  <testcase classname="GeoPack.AgencyTest" name="AgencyMonthly750000WithExtSupport" time="0.0">
    <ignored/>
  </testcase> <!-- AgencyMonthly750000WithExtSupport -->
  <testcase classname="GeoPack.EnterPrizeTest" name="EnterprizeMonthly10000SmallestNA" time="0.0">
    <ignored/>
  </testcase> <!-- EnterprizeMonthly10000SmallestNA -->
  <testcase classname="GeoPack.AgencyTest" name="AgencyMonthly80000WithExtSupport" time="0.0">
    <ignored/>
  </testcase> <!-- AgencyMonthly80000WithExtSupport -->
  <testcase classname="GeoPack.AgencyTest" name="AgencyAnnually350000NoExtSupport" time="0.0">
    <ignored/>
  </testcase> <!-- AgencyAnnually350000NoExtSupport -->
  <testcase classname="GeoPack.AgencyTest" name="AgencyAnnually1000000WithExtSupport" time="0.0">
    <ignored/>
  </testcase> <!-- AgencyAnnually1000000WithExtSupport -->
  <testcase classname="GeoPack.AgencyTest" name="AgencyAnnually750000NoExtSupport" time="0.0">
    <ignored/>
  </testcase> <!-- AgencyAnnually750000NoExtSupport -->
  <testcase classname="GeoPack.AgencyTest" name="AgencyMonthly10000SmallestWithExtSupport" time="0.0">
    <ignored/>
  </testcase> <!-- AgencyMonthly10000SmallestWithExtSupport -->
  <testcase classname="GeoPack.EnterPrizeTest" name="EnterprizeAnnually1000000NoExtSupport" time="0.0">
    <ignored/>
  </testcase> <!-- EnterprizeAnnually1000000NoExtSupport -->
  <testcase classname="GeoPack.EnterPrizeTest" name="EnterprizeAnnually1000000WithExtSupport" time="0.0">
    <ignored/>
  </testcase> <!-- EnterprizeAnnually1000000WithExtSupport -->
  <testcase classname="GeoPack.AgencyTest" name="AgencyMonthly350000NoExtSupport" time="0.0">
    <ignored/>
  </testcase> <!-- AgencyMonthly350000NoExtSupport -->
  <testcase classname="GeoPack.EnterPrizeTest" name="EnterprizeAnnually500000NoExtSupport" time="0.0">
    <ignored/>
  </testcase> <!-- EnterprizeAnnually500000NoExtSupport -->
  <testcase classname="GeoPack.AgencyTest" name="AgencyAnnually10000NoExtSupport" time="0.0">
    <ignored/>
  </testcase> <!-- AgencyAnnually10000NoExtSupport -->
  <testcase classname="GeoPack.AgencyTest" name="AgencyMonthly500000WithExtSupport" time="0.0">
    <ignored/>
  </testcase> <!-- AgencyMonthly500000WithExtSupport -->
  <testcase classname="GeoPack.EnterPrizeTest" name="EnterprizeMonthly1000000WithExtSupport" time="0.0">
    <ignored/>
  </testcase> <!-- EnterprizeMonthly1000000WithExtSupport -->
  <testcase classname="GeoPack.FreelancerTest" name="FreelancerMonthly30000NoExtSupport" time="0.0">
    <ignored/>
  </testcase> <!-- FreelancerMonthly30000NoExtSupport -->
  <testcase classname="GeoPack.FreelancerTest" name="FreelancerAnnually80000NoExtSupport" time="0.0">
    <ignored/>
  </testcase> <!-- FreelancerAnnually80000NoExtSupport -->
  <testcase classname="GeoPack.AgencyTest" name="AgencyMonthly500000NoExtSupport" time="0.0">
    <ignored/>
  </testcase> <!-- AgencyMonthly500000NoExtSupport -->
  <testcase classname="GeoPack.AgencyTest" name="AgencyAnnually1000000NoExtSupport" time="0.0">
    <ignored/>
  </testcase> <!-- AgencyAnnually1000000NoExtSupport -->
  <testcase classname="GeoPack.AgencyTest" name="AgencyAnnually240000NoExtSupport" time="0.0">
    <ignored/>
  </testcase> <!-- AgencyAnnually240000NoExtSupport -->
  <testcase classname="GeoPack.EnterPrizeTest" name="EnterprizeMonthly250000NoExtSupport" time="0.0">
    <ignored/>
  </testcase> <!-- EnterprizeMonthly250000NoExtSupport -->
</testsuite> <!-- TestChromeFreelancer -->
