<?xml version="1.0" encoding="UTF-8"?>
<!-- Generated by org.testng.reporters.JUnitXMLReporter -->
<testsuite ignored="9" hostname="DESKTOP-5KN6EBV" failures="0" tests="0" time="0.009" errors="0" timestamp="2020-05-14T00:21:59 IST">
  <testcase classname="GeoPack.AgencyTest" name="AgencyMonthly20000NoExtSupport" time="0.0">
    <ignored/>
  </testcase> <!-- AgencyMonthly20000NoExtSupport -->
  <testcase classname="GeoPack.AgencyTest" name="AgencyMonthly240000NoExtSupport" time="0.0">
    <ignored/>
  </testcase> <!-- AgencyMonthly240000NoExtSupport -->
  <testcase classname="GeoPack.AgencyTest" name="AgencyMonthly80000NoExtSupport" time="0.0">
    <ignored/>
  </testcase> <!-- AgencyMonthly80000NoExtSupport -->
  <testcase classname="GeoPack.AgencyTest" name="AgencyMonthly500000NoExtSupport" time="0.0">
    <ignored/>
  </testcase> <!-- AgencyMonthly500000NoExtSupport -->
  <testcase classname="GeoPack.AgencyTest" name="AgencyMonthly750000NoExtSupport" time="0.0">
    <ignored/>
  </testcase> <!-- AgencyMonthly750000NoExtSupport -->
  <testcase classname="GeoPack.AgencyTest" name="AgencyMonthly1000000NoExtSupport" time="0.0">
    <ignored/>
  </testcase> <!-- AgencyMonthly1000000NoExtSupport -->
  <testcase classname="GeoPack.AgencyTest" name="AgencyMonthly160000NoExtSupport" time="0.0">
    <ignored/>
  </testcase> <!-- AgencyMonthly160000NoExtSupport -->
  <testcase classname="GeoPack.AgencyTest" name="AgencyMonthly10000NoExtSupport" time="0.0">
    <ignored/>
  </testcase> <!-- AgencyMonthly10000NoExtSupport -->
  <testcase classname="GeoPack.AgencyTest" name="AgencyMonthly350000NoExtSupport" time="0.0">
    <ignored/>
  </testcase> <!-- AgencyMonthly350000NoExtSupport -->
</testsuite>
