<?xml version="1.0" encoding="UTF-8"?>
<testng-results ignored="0" total="67" passed="63" failed="4" skipped="0">
  <reporter-output>
  </reporter-output>
  <suite started-at="2020-05-31T17:19:48 IST" name="Suite" finished-at="2020-05-31T17:46:55 IST" duration-ms="1626398">
    <groups>
      <group name="Regression">
        <method signature="AgencyTest.AgencyAnnually1000000NoExtSupport()[pri:35, instance:geoPackTest.AgencyTest@3829ac1]" name="AgencyAnnually1000000NoExtSupport" class="geoPackTest.AgencyTest"/>
        <method signature="AgencyTest.AgencyAnnually1000000WithExtSupport()[pri:36, instance:geoPackTest.AgencyTest@3829ac1]" name="AgencyAnnually1000000WithExtSupport" class="geoPackTest.AgencyTest"/>
        <method signature="AgencyTest.AgencyAnnually10000NoExtSupport()[pri:3, instance:geoPackTest.AgencyTest@3829ac1]" name="AgencyAnnually10000NoExtSupport" class="geoPackTest.AgencyTest"/>
        <method signature="AgencyTest.AgencyAnnually10000WithExtSupport()[pri:4, instance:geoPackTest.AgencyTest@3829ac1]" name="AgencyAnnually10000WithExtSupport" class="geoPackTest.AgencyTest"/>
        <method signature="AgencyTest.AgencyAnnually160000NoExtSupport()[pri:15, instance:geoPackTest.AgencyTest@3829ac1]" name="AgencyAnnually160000NoExtSupport" class="geoPackTest.AgencyTest"/>
        <method signature="AgencyTest.AgencyAnnually160000WithExtSupport()[pri:16, instance:geoPackTest.AgencyTest@3829ac1]" name="AgencyAnnually160000WithExtSupport" class="geoPackTest.AgencyTest"/>
        <method signature="AgencyTest.AgencyAnnually20000NoExtSupport()[pri:7, instance:geoPackTest.AgencyTest@3829ac1]" name="AgencyAnnually20000NoExtSupport" class="geoPackTest.AgencyTest"/>
        <method signature="AgencyTest.AgencyAnnually20000WithExtSupport()[pri:8, instance:geoPackTest.AgencyTest@3829ac1]" name="AgencyAnnually20000WithExtSupport" class="geoPackTest.AgencyTest"/>
        <method signature="AgencyTest.AgencyAnnually240000NoExtSupport()[pri:19, instance:geoPackTest.AgencyTest@3829ac1]" name="AgencyAnnually240000NoExtSupport" class="geoPackTest.AgencyTest"/>
        <method signature="AgencyTest.AgencyAnnually240000WithExtSupport()[pri:20, instance:geoPackTest.AgencyTest@3829ac1]" name="AgencyAnnually240000WithExtSupport" class="geoPackTest.AgencyTest"/>
        <method signature="AgencyTest.AgencyAnnually350000NoExtSupport()[pri:23, instance:geoPackTest.AgencyTest@3829ac1]" name="AgencyAnnually350000NoExtSupport" class="geoPackTest.AgencyTest"/>
        <method signature="AgencyTest.AgencyAnnually350000WithExtSupport()[pri:24, instance:geoPackTest.AgencyTest@3829ac1]" name="AgencyAnnually350000WithExtSupport" class="geoPackTest.AgencyTest"/>
        <method signature="AgencyTest.AgencyAnnually500000NoExtSupport()[pri:27, instance:geoPackTest.AgencyTest@3829ac1]" name="AgencyAnnually500000NoExtSupport" class="geoPackTest.AgencyTest"/>
        <method signature="AgencyTest.AgencyAnnually500000WithExtSupport()[pri:28, instance:geoPackTest.AgencyTest@3829ac1]" name="AgencyAnnually500000WithExtSupport" class="geoPackTest.AgencyTest"/>
        <method signature="AgencyTest.AgencyAnnually750000NoExtSupport()[pri:31, instance:geoPackTest.AgencyTest@3829ac1]" name="AgencyAnnually750000NoExtSupport" class="geoPackTest.AgencyTest"/>
        <method signature="AgencyTest.AgencyAnnually750000WithExtSupport()[pri:32, instance:geoPackTest.AgencyTest@3829ac1]" name="AgencyAnnually750000WithExtSupport" class="geoPackTest.AgencyTest"/>
        <method signature="AgencyTest.AgencyAnnually80000NoExtSupport()[pri:11, instance:geoPackTest.AgencyTest@3829ac1]" name="AgencyAnnually80000NoExtSupport" class="geoPackTest.AgencyTest"/>
        <method signature="AgencyTest.AgencyAnnually80000WithExtSupport()[pri:12, instance:geoPackTest.AgencyTest@3829ac1]" name="AgencyAnnually80000WithExtSupport" class="geoPackTest.AgencyTest"/>
        <method signature="AgencyTest.AgencyMonthly1000000NoExtSupport()[pri:33, instance:geoPackTest.AgencyTest@3829ac1]" name="AgencyMonthly1000000NoExtSupport" class="geoPackTest.AgencyTest"/>
        <method signature="AgencyTest.AgencyMonthly1000000WithExtSupport()[pri:34, instance:geoPackTest.AgencyTest@3829ac1]" name="AgencyMonthly1000000WithExtSupport" class="geoPackTest.AgencyTest"/>
        <method signature="AgencyTest.AgencyMonthly10000SmallestNoExtSupport()[pri:1, instance:geoPackTest.AgencyTest@3829ac1]" name="AgencyMonthly10000SmallestNoExtSupport" class="geoPackTest.AgencyTest"/>
        <method signature="AgencyTest.AgencyMonthly10000SmallestWithExtSupport()[pri:2, instance:geoPackTest.AgencyTest@3829ac1]" name="AgencyMonthly10000SmallestWithExtSupport" class="geoPackTest.AgencyTest"/>
        <method signature="AgencyTest.AgencyMonthly160000NoExtSupport()[pri:13, instance:geoPackTest.AgencyTest@3829ac1]" name="AgencyMonthly160000NoExtSupport" class="geoPackTest.AgencyTest"/>
        <method signature="AgencyTest.AgencyMonthly160000WithExtSupport()[pri:14, instance:geoPackTest.AgencyTest@3829ac1]" name="AgencyMonthly160000WithExtSupport" class="geoPackTest.AgencyTest"/>
        <method signature="AgencyTest.AgencyMonthly20000NoExtSupport()[pri:5, instance:geoPackTest.AgencyTest@3829ac1]" name="AgencyMonthly20000NoExtSupport" class="geoPackTest.AgencyTest"/>
        <method signature="AgencyTest.AgencyMonthly20000WithExtSupport()[pri:6, instance:geoPackTest.AgencyTest@3829ac1]" name="AgencyMonthly20000WithExtSupport" class="geoPackTest.AgencyTest"/>
        <method signature="AgencyTest.AgencyMonthly240000NoExtSupport()[pri:17, instance:geoPackTest.AgencyTest@3829ac1]" name="AgencyMonthly240000NoExtSupport" class="geoPackTest.AgencyTest"/>
        <method signature="AgencyTest.AgencyMonthly240000WithExtSupport()[pri:18, instance:geoPackTest.AgencyTest@3829ac1]" name="AgencyMonthly240000WithExtSupport" class="geoPackTest.AgencyTest"/>
        <method signature="AgencyTest.AgencyMonthly350000NoExtSupport()[pri:21, instance:geoPackTest.AgencyTest@3829ac1]" name="AgencyMonthly350000NoExtSupport" class="geoPackTest.AgencyTest"/>
        <method signature="AgencyTest.AgencyMonthly350000WithExtSupport()[pri:22, instance:geoPackTest.AgencyTest@3829ac1]" name="AgencyMonthly350000WithExtSupport" class="geoPackTest.AgencyTest"/>
        <method signature="AgencyTest.AgencyMonthly500000NoExtSupport()[pri:25, instance:geoPackTest.AgencyTest@3829ac1]" name="AgencyMonthly500000NoExtSupport" class="geoPackTest.AgencyTest"/>
        <method signature="AgencyTest.AgencyMonthly500000WithExtSupport()[pri:26, instance:geoPackTest.AgencyTest@3829ac1]" name="AgencyMonthly500000WithExtSupport" class="geoPackTest.AgencyTest"/>
        <method signature="AgencyTest.AgencyMonthly750000NoExtSupport()[pri:29, instance:geoPackTest.AgencyTest@3829ac1]" name="AgencyMonthly750000NoExtSupport" class="geoPackTest.AgencyTest"/>
        <method signature="AgencyTest.AgencyMonthly750000WithExtSupport()[pri:30, instance:geoPackTest.AgencyTest@3829ac1]" name="AgencyMonthly750000WithExtSupport" class="geoPackTest.AgencyTest"/>
        <method signature="AgencyTest.AgencyMonthly80000NoExtSupport()[pri:9, instance:geoPackTest.AgencyTest@3829ac1]" name="AgencyMonthly80000NoExtSupport" class="geoPackTest.AgencyTest"/>
        <method signature="AgencyTest.AgencyMonthly80000WithExtSupport()[pri:10, instance:geoPackTest.AgencyTest@3829ac1]" name="AgencyMonthly80000WithExtSupport" class="geoPackTest.AgencyTest"/>
        <method signature="EnterPrizeTest.EnterprizeAnnually1000000NoExtSupport()[pri:14, instance:geoPackTest.EnterPrizeTest@4baf352a]" name="EnterprizeAnnually1000000NoExtSupport" class="geoPackTest.EnterPrizeTest"/>
        <method signature="EnterPrizeTest.EnterprizeAnnually1000000WithExtSupport()[pri:15, instance:geoPackTest.EnterPrizeTest@4baf352a]" name="EnterprizeAnnually1000000WithExtSupport" class="geoPackTest.EnterPrizeTest"/>
        <method signature="EnterPrizeTest.EnterprizeAnnually10000SmallestNoExtSupport()[pri:2, instance:geoPackTest.EnterPrizeTest@4baf352a]" name="EnterprizeAnnually10000SmallestNoExtSupport" class="geoPackTest.EnterPrizeTest"/>
        <method signature="EnterPrizeTest.EnterprizeAnnually10000SmallestWithExtSupport()[pri:3, instance:geoPackTest.EnterPrizeTest@4baf352a]" name="EnterprizeAnnually10000SmallestWithExtSupport" class="geoPackTest.EnterPrizeTest"/>
        <method signature="EnterPrizeTest.EnterprizeAnnually250000NoExtSupport()[pri:6, instance:geoPackTest.EnterPrizeTest@4baf352a]" name="EnterprizeAnnually250000NoExtSupport" class="geoPackTest.EnterPrizeTest"/>
        <method signature="EnterPrizeTest.EnterprizeAnnually250000WithExtSupport()[pri:7, instance:geoPackTest.EnterPrizeTest@4baf352a]" name="EnterprizeAnnually250000WithExtSupport" class="geoPackTest.EnterPrizeTest"/>
        <method signature="EnterPrizeTest.EnterprizeAnnually500000NoExtSupport()[pri:10, instance:geoPackTest.EnterPrizeTest@4baf352a]" name="EnterprizeAnnually500000NoExtSupport" class="geoPackTest.EnterPrizeTest"/>
        <method signature="EnterPrizeTest.EnterprizeAnnually500000WithExtSupport()[pri:11, instance:geoPackTest.EnterPrizeTest@4baf352a]" name="EnterprizeAnnually500000WithExtSupport" class="geoPackTest.EnterPrizeTest"/>
        <method signature="EnterPrizeTest.EnterprizeMonthly1000000NoExtSupport()[pri:12, instance:geoPackTest.EnterPrizeTest@4baf352a]" name="EnterprizeMonthly1000000NoExtSupport" class="geoPackTest.EnterPrizeTest"/>
        <method signature="EnterPrizeTest.EnterprizeMonthly1000000WithExtSupport()[pri:13, instance:geoPackTest.EnterPrizeTest@4baf352a]" name="EnterprizeMonthly1000000WithExtSupport" class="geoPackTest.EnterPrizeTest"/>
        <method signature="EnterPrizeTest.EnterprizeMonthly10000SmallestNA()[pri:1, instance:geoPackTest.EnterPrizeTest@4baf352a]" name="EnterprizeMonthly10000SmallestNA" class="geoPackTest.EnterPrizeTest"/>
        <method signature="EnterPrizeTest.EnterprizeMonthly250000NoExtSupport()[pri:4, instance:geoPackTest.EnterPrizeTest@4baf352a]" name="EnterprizeMonthly250000NoExtSupport" class="geoPackTest.EnterPrizeTest"/>
        <method signature="EnterPrizeTest.EnterprizeMonthly250000WithExtSupport()[pri:5, instance:geoPackTest.EnterPrizeTest@4baf352a]" name="EnterprizeMonthly250000WithExtSupport" class="geoPackTest.EnterPrizeTest"/>
        <method signature="EnterPrizeTest.EnterprizeMonthly500000NoExtSupport()[pri:8, instance:geoPackTest.EnterPrizeTest@4baf352a]" name="EnterprizeMonthly500000NoExtSupport" class="geoPackTest.EnterPrizeTest"/>
        <method signature="EnterPrizeTest.EnterprizeMonthly500000WithExtSupport()[pri:9, instance:geoPackTest.EnterPrizeTest@4baf352a]" name="EnterprizeMonthly500000WithExtSupport" class="geoPackTest.EnterPrizeTest"/>
        <method signature="FreelancerTest.FreelancerAnnually30000NoExtSupport()[pri:7, instance:geoPackTest.FreelancerTest@3f363cf5]" name="FreelancerAnnually30000NoExtSupport" class="geoPackTest.FreelancerTest"/>
        <method signature="FreelancerTest.FreelancerAnnually30000WithExtSupport()[pri:8, instance:geoPackTest.FreelancerTest@3f363cf5]" name="FreelancerAnnually30000WithExtSupport" class="geoPackTest.FreelancerTest"/>
        <method signature="FreelancerTest.FreelancerAnnually50000NoExtSupport()[pri:11, instance:geoPackTest.FreelancerTest@3f363cf5]" name="FreelancerAnnually50000NoExtSupport" class="geoPackTest.FreelancerTest"/>
        <method signature="FreelancerTest.FreelancerAnnually50000WithExtSupport()[pri:12, instance:geoPackTest.FreelancerTest@3f363cf5]" name="FreelancerAnnually50000WithExtSupport" class="geoPackTest.FreelancerTest"/>
        <method signature="FreelancerTest.FreelancerAnnually5000NoExtSupport()[pri:3, instance:geoPackTest.FreelancerTest@3f363cf5]" name="FreelancerAnnually5000NoExtSupport" class="geoPackTest.FreelancerTest"/>
        <method signature="FreelancerTest.FreelancerAnnually5000WithExtSupport()[pri:4, instance:geoPackTest.FreelancerTest@3f363cf5]" name="FreelancerAnnually5000WithExtSupport" class="geoPackTest.FreelancerTest"/>
        <method signature="FreelancerTest.FreelancerAnnually80000NoExtSupport()[pri:15, instance:geoPackTest.FreelancerTest@3f363cf5]" name="FreelancerAnnually80000NoExtSupport" class="geoPackTest.FreelancerTest"/>
        <method signature="FreelancerTest.FreelancerAnnually80000WithExtSupport()[pri:16, instance:geoPackTest.FreelancerTest@3f363cf5]" name="FreelancerAnnually80000WithExtSupport" class="geoPackTest.FreelancerTest"/>
        <method signature="FreelancerTest.FreelancerMonthly30000NoExtSupport()[pri:5, instance:geoPackTest.FreelancerTest@3f363cf5]" name="FreelancerMonthly30000NoExtSupport" class="geoPackTest.FreelancerTest"/>
        <method signature="FreelancerTest.FreelancerMonthly30000WithExtSupport()[pri:6, instance:geoPackTest.FreelancerTest@3f363cf5]" name="FreelancerMonthly30000WithExtSupport" class="geoPackTest.FreelancerTest"/>
        <method signature="FreelancerTest.FreelancerMonthly50000NoExtSupport()[pri:9, instance:geoPackTest.FreelancerTest@3f363cf5]" name="FreelancerMonthly50000NoExtSupport" class="geoPackTest.FreelancerTest"/>
        <method signature="FreelancerTest.FreelancerMonthly50000WithExtSupport()[pri:10, instance:geoPackTest.FreelancerTest@3f363cf5]" name="FreelancerMonthly50000WithExtSupport" class="geoPackTest.FreelancerTest"/>
        <method signature="FreelancerTest.FreelancerMonthly5000NoExtSupport()[pri:1, instance:geoPackTest.FreelancerTest@3f363cf5]" name="FreelancerMonthly5000NoExtSupport" class="geoPackTest.FreelancerTest"/>
        <method signature="FreelancerTest.FreelancerMonthly5000WithExtSupport()[pri:2, instance:geoPackTest.FreelancerTest@3f363cf5]" name="FreelancerMonthly5000WithExtSupport" class="geoPackTest.FreelancerTest"/>
        <method signature="FreelancerTest.FreelancerMonthly80000NoExtSupport()[pri:13, instance:geoPackTest.FreelancerTest@3f363cf5]" name="FreelancerMonthly80000NoExtSupport" class="geoPackTest.FreelancerTest"/>
        <method signature="FreelancerTest.FreelancerMonthly80000WithExtSupport()[pri:14, instance:geoPackTest.FreelancerTest@3f363cf5]" name="FreelancerMonthly80000WithExtSupport" class="geoPackTest.FreelancerTest"/>
      </group> <!-- Regression -->
      <group name="Smoke">
        <method signature="AgencyTest.AgencyAnnually750000WithExtSupport()[pri:32, instance:geoPackTest.AgencyTest@3829ac1]" name="AgencyAnnually750000WithExtSupport" class="geoPackTest.AgencyTest"/>
        <method signature="AgencyTest.AgencyAnnually80000NoExtSupport()[pri:11, instance:geoPackTest.AgencyTest@3829ac1]" name="AgencyAnnually80000NoExtSupport" class="geoPackTest.AgencyTest"/>
        <method signature="AgencyTest.AgencyMonthly10000SmallestNoExtSupport()[pri:1, instance:geoPackTest.AgencyTest@3829ac1]" name="AgencyMonthly10000SmallestNoExtSupport" class="geoPackTest.AgencyTest"/>
        <method signature="AgencyTest.AgencyMonthly350000WithExtSupport()[pri:22, instance:geoPackTest.AgencyTest@3829ac1]" name="AgencyMonthly350000WithExtSupport" class="geoPackTest.AgencyTest"/>
        <method signature="EnterPrizeTest.EnterprizeAnnually10000SmallestNoExtSupport()[pri:2, instance:geoPackTest.EnterPrizeTest@4baf352a]" name="EnterprizeAnnually10000SmallestNoExtSupport" class="geoPackTest.EnterPrizeTest"/>
        <method signature="EnterPrizeTest.EnterprizeAnnually500000WithExtSupport()[pri:11, instance:geoPackTest.EnterPrizeTest@4baf352a]" name="EnterprizeAnnually500000WithExtSupport" class="geoPackTest.EnterPrizeTest"/>
        <method signature="FreelancerTest.FreelancerAnnually50000NoExtSupport()[pri:11, instance:geoPackTest.FreelancerTest@3f363cf5]" name="FreelancerAnnually50000NoExtSupport" class="geoPackTest.FreelancerTest"/>
        <method signature="FreelancerTest.FreelancerAnnually80000WithExtSupport()[pri:16, instance:geoPackTest.FreelancerTest@3f363cf5]" name="FreelancerAnnually80000WithExtSupport" class="geoPackTest.FreelancerTest"/>
        <method signature="FreelancerTest.FreelancerMonthly5000NoExtSupport()[pri:1, instance:geoPackTest.FreelancerTest@3f363cf5]" name="FreelancerMonthly5000NoExtSupport" class="geoPackTest.FreelancerTest"/>
      </group> <!-- Smoke -->
    </groups>
    <test started-at="2020-05-31T17:19:48 IST" name="TestChrome" finished-at="2020-05-31T17:46:55 IST" duration-ms="1626398">
      <class name="geoPackTest.FreelancerTest">
        <test-method is-config="true" signature="initializeDriver()[pri:0, instance:geoPackTest.FreelancerTest@3f363cf5]" started-at="2020-05-31T17:19:48 IST" name="initializeDriver" finished-at="2020-05-31T17:20:00 IST" duration-ms="11625" status="PASS">
          <reporter-output>
          </reporter-output>
        </test-method> <!-- initializeDriver -->
        <test-method signature="FreelancerMonthly5000NoExtSupport()[pri:1, instance:geoPackTest.FreelancerTest@3f363cf5]" started-at="2020-05-31T17:20:00 IST" name="FreelancerMonthly5000NoExtSupport" finished-at="2020-05-31T17:20:10 IST" duration-ms="10308" status="PASS">
          <reporter-output>
          </reporter-output>
        </test-method> <!-- FreelancerMonthly5000NoExtSupport -->
        <test-method is-config="true" signature="tearDown()[pri:0, instance:geoPackTest.FreelancerTest@3f363cf5]" started-at="2020-05-31T17:20:10 IST" name="tearDown" finished-at="2020-05-31T17:20:11 IST" duration-ms="754" status="PASS">
          <reporter-output>
          </reporter-output>
        </test-method> <!-- tearDown -->
        <test-method is-config="true" signature="initializeDriver()[pri:0, instance:geoPackTest.FreelancerTest@3f363cf5]" started-at="2020-05-31T17:20:11 IST" name="initializeDriver" finished-at="2020-05-31T17:20:19 IST" duration-ms="7638" status="PASS">
          <reporter-output>
          </reporter-output>
        </test-method> <!-- initializeDriver -->
        <test-method signature="FreelancerMonthly5000WithExtSupport()[pri:2, instance:geoPackTest.FreelancerTest@3f363cf5]" started-at="2020-05-31T17:20:19 IST" name="FreelancerMonthly5000WithExtSupport" finished-at="2020-05-31T17:20:29 IST" duration-ms="10407" status="PASS">
          <reporter-output>
          </reporter-output>
        </test-method> <!-- FreelancerMonthly5000WithExtSupport -->
        <test-method is-config="true" signature="tearDown()[pri:0, instance:geoPackTest.FreelancerTest@3f363cf5]" started-at="2020-05-31T17:20:29 IST" name="tearDown" finished-at="2020-05-31T17:20:30 IST" duration-ms="726" status="PASS">
          <reporter-output>
          </reporter-output>
        </test-method> <!-- tearDown -->
        <test-method is-config="true" signature="initializeDriver()[pri:0, instance:geoPackTest.FreelancerTest@3f363cf5]" started-at="2020-05-31T17:20:30 IST" name="initializeDriver" finished-at="2020-05-31T17:20:38 IST" duration-ms="8265" status="PASS">
          <reporter-output>
          </reporter-output>
        </test-method> <!-- initializeDriver -->
        <test-method signature="FreelancerAnnually5000NoExtSupport()[pri:3, instance:geoPackTest.FreelancerTest@3f363cf5]" started-at="2020-05-31T17:20:38 IST" name="FreelancerAnnually5000NoExtSupport" finished-at="2020-05-31T17:20:49 IST" duration-ms="10732" status="PASS">
          <reporter-output>
          </reporter-output>
        </test-method> <!-- FreelancerAnnually5000NoExtSupport -->
        <test-method is-config="true" signature="tearDown()[pri:0, instance:geoPackTest.FreelancerTest@3f363cf5]" started-at="2020-05-31T17:20:49 IST" name="tearDown" finished-at="2020-05-31T17:20:50 IST" duration-ms="757" status="PASS">
          <reporter-output>
          </reporter-output>
        </test-method> <!-- tearDown -->
        <test-method is-config="true" signature="initializeDriver()[pri:0, instance:geoPackTest.FreelancerTest@3f363cf5]" started-at="2020-05-31T17:20:50 IST" name="initializeDriver" finished-at="2020-05-31T17:20:58 IST" duration-ms="8130" status="PASS">
          <reporter-output>
          </reporter-output>
        </test-method> <!-- initializeDriver -->
        <test-method signature="FreelancerAnnually5000WithExtSupport()[pri:4, instance:geoPackTest.FreelancerTest@3f363cf5]" started-at="2020-05-31T17:20:58 IST" name="FreelancerAnnually5000WithExtSupport" finished-at="2020-05-31T17:21:08 IST" duration-ms="10269" status="PASS">
          <reporter-output>
          </reporter-output>
        </test-method> <!-- FreelancerAnnually5000WithExtSupport -->
        <test-method is-config="true" signature="tearDown()[pri:0, instance:geoPackTest.FreelancerTest@3f363cf5]" started-at="2020-05-31T17:21:08 IST" name="tearDown" finished-at="2020-05-31T17:21:09 IST" duration-ms="714" status="PASS">
          <reporter-output>
          </reporter-output>
        </test-method> <!-- tearDown -->
        <test-method is-config="true" signature="initializeDriver()[pri:0, instance:geoPackTest.FreelancerTest@3f363cf5]" started-at="2020-05-31T17:21:09 IST" name="initializeDriver" finished-at="2020-05-31T17:21:18 IST" duration-ms="9394" status="PASS">
          <reporter-output>
          </reporter-output>
        </test-method> <!-- initializeDriver -->
        <test-method signature="FreelancerMonthly30000NoExtSupport()[pri:5, instance:geoPackTest.FreelancerTest@3f363cf5]" started-at="2020-05-31T17:21:18 IST" name="FreelancerMonthly30000NoExtSupport" finished-at="2020-05-31T17:21:31 IST" duration-ms="12604" status="PASS">
          <reporter-output>
          </reporter-output>
        </test-method> <!-- FreelancerMonthly30000NoExtSupport -->
        <test-method is-config="true" signature="tearDown()[pri:0, instance:geoPackTest.FreelancerTest@3f363cf5]" started-at="2020-05-31T17:21:31 IST" name="tearDown" finished-at="2020-05-31T17:21:31 IST" duration-ms="719" status="PASS">
          <reporter-output>
          </reporter-output>
        </test-method> <!-- tearDown -->
        <test-method is-config="true" signature="initializeDriver()[pri:0, instance:geoPackTest.FreelancerTest@3f363cf5]" started-at="2020-05-31T17:21:31 IST" name="initializeDriver" finished-at="2020-05-31T17:21:41 IST" duration-ms="9471" status="PASS">
          <reporter-output>
          </reporter-output>
        </test-method> <!-- initializeDriver -->
        <test-method signature="FreelancerMonthly30000WithExtSupport()[pri:6, instance:geoPackTest.FreelancerTest@3f363cf5]" started-at="2020-05-31T17:21:41 IST" name="FreelancerMonthly30000WithExtSupport" finished-at="2020-05-31T17:21:51 IST" duration-ms="10127" status="PASS">
          <reporter-output>
          </reporter-output>
        </test-method> <!-- FreelancerMonthly30000WithExtSupport -->
        <test-method is-config="true" signature="tearDown()[pri:0, instance:geoPackTest.FreelancerTest@3f363cf5]" started-at="2020-05-31T17:21:51 IST" name="tearDown" finished-at="2020-05-31T17:21:52 IST" duration-ms="709" status="PASS">
          <reporter-output>
          </reporter-output>
        </test-method> <!-- tearDown -->
        <test-method is-config="true" signature="initializeDriver()[pri:0, instance:geoPackTest.FreelancerTest@3f363cf5]" started-at="2020-05-31T17:21:52 IST" name="initializeDriver" finished-at="2020-05-31T17:22:05 IST" duration-ms="13171" status="PASS">
          <reporter-output>
          </reporter-output>
        </test-method> <!-- initializeDriver -->
        <test-method signature="FreelancerAnnually30000NoExtSupport()[pri:7, instance:geoPackTest.FreelancerTest@3f363cf5]" started-at="2020-05-31T17:22:05 IST" name="FreelancerAnnually30000NoExtSupport" finished-at="2020-05-31T17:22:18 IST" duration-ms="13014" status="PASS">
          <reporter-output>
          </reporter-output>
        </test-method> <!-- FreelancerAnnually30000NoExtSupport -->
        <test-method is-config="true" signature="tearDown()[pri:0, instance:geoPackTest.FreelancerTest@3f363cf5]" started-at="2020-05-31T17:22:18 IST" name="tearDown" finished-at="2020-05-31T17:22:19 IST" duration-ms="698" status="PASS">
          <reporter-output>
          </reporter-output>
        </test-method> <!-- tearDown -->
        <test-method is-config="true" signature="initializeDriver()[pri:0, instance:geoPackTest.FreelancerTest@3f363cf5]" started-at="2020-05-31T17:22:19 IST" name="initializeDriver" finished-at="2020-05-31T17:22:27 IST" duration-ms="8029" status="PASS">
          <reporter-output>
          </reporter-output>
        </test-method> <!-- initializeDriver -->
        <test-method signature="FreelancerAnnually30000WithExtSupport()[pri:8, instance:geoPackTest.FreelancerTest@3f363cf5]" started-at="2020-05-31T17:22:27 IST" name="FreelancerAnnually30000WithExtSupport" finished-at="2020-05-31T17:22:37 IST" duration-ms="10204" status="PASS">
          <reporter-output>
          </reporter-output>
        </test-method> <!-- FreelancerAnnually30000WithExtSupport -->
        <test-method is-config="true" signature="tearDown()[pri:0, instance:geoPackTest.FreelancerTest@3f363cf5]" started-at="2020-05-31T17:22:37 IST" name="tearDown" finished-at="2020-05-31T17:22:38 IST" duration-ms="729" status="PASS">
          <reporter-output>
          </reporter-output>
        </test-method> <!-- tearDown -->
        <test-method is-config="true" signature="initializeDriver()[pri:0, instance:geoPackTest.FreelancerTest@3f363cf5]" started-at="2020-05-31T17:22:38 IST" name="initializeDriver" finished-at="2020-05-31T17:22:49 IST" duration-ms="11477" status="PASS">
          <reporter-output>
          </reporter-output>
        </test-method> <!-- initializeDriver -->
        <test-method signature="FreelancerMonthly50000NoExtSupport()[pri:9, instance:geoPackTest.FreelancerTest@3f363cf5]" started-at="2020-05-31T17:22:49 IST" name="FreelancerMonthly50000NoExtSupport" finished-at="2020-05-31T17:23:01 IST" duration-ms="12068" status="PASS">
          <reporter-output>
          </reporter-output>
        </test-method> <!-- FreelancerMonthly50000NoExtSupport -->
        <test-method is-config="true" signature="tearDown()[pri:0, instance:geoPackTest.FreelancerTest@3f363cf5]" started-at="2020-05-31T17:23:01 IST" name="tearDown" finished-at="2020-05-31T17:23:02 IST" duration-ms="705" status="PASS">
          <reporter-output>
          </reporter-output>
        </test-method> <!-- tearDown -->
        <test-method is-config="true" signature="initializeDriver()[pri:0, instance:geoPackTest.FreelancerTest@3f363cf5]" started-at="2020-05-31T17:23:02 IST" name="initializeDriver" finished-at="2020-05-31T17:23:16 IST" duration-ms="13776" status="PASS">
          <reporter-output>
          </reporter-output>
        </test-method> <!-- initializeDriver -->
        <test-method signature="FreelancerMonthly50000WithExtSupport()[pri:10, instance:geoPackTest.FreelancerTest@3f363cf5]" started-at="2020-05-31T17:23:16 IST" name="FreelancerMonthly50000WithExtSupport" finished-at="2020-05-31T17:23:27 IST" duration-ms="11157" status="PASS">
          <reporter-output>
          </reporter-output>
        </test-method> <!-- FreelancerMonthly50000WithExtSupport -->
        <test-method is-config="true" signature="tearDown()[pri:0, instance:geoPackTest.FreelancerTest@3f363cf5]" started-at="2020-05-31T17:23:27 IST" name="tearDown" finished-at="2020-05-31T17:23:27 IST" duration-ms="691" status="PASS">
          <reporter-output>
          </reporter-output>
        </test-method> <!-- tearDown -->
        <test-method is-config="true" signature="initializeDriver()[pri:0, instance:geoPackTest.FreelancerTest@3f363cf5]" started-at="2020-05-31T17:23:27 IST" name="initializeDriver" finished-at="2020-05-31T17:23:35 IST" duration-ms="7914" status="PASS">
          <reporter-output>
          </reporter-output>
        </test-method> <!-- initializeDriver -->
        <test-method signature="FreelancerAnnually50000NoExtSupport()[pri:11, instance:geoPackTest.FreelancerTest@3f363cf5]" started-at="2020-05-31T17:23:35 IST" name="FreelancerAnnually50000NoExtSupport" finished-at="2020-05-31T17:23:45 IST" duration-ms="9953" status="PASS">
          <reporter-output>
          </reporter-output>
        </test-method> <!-- FreelancerAnnually50000NoExtSupport -->
        <test-method is-config="true" signature="tearDown()[pri:0, instance:geoPackTest.FreelancerTest@3f363cf5]" started-at="2020-05-31T17:23:45 IST" name="tearDown" finished-at="2020-05-31T17:23:46 IST" duration-ms="722" status="PASS">
          <reporter-output>
          </reporter-output>
        </test-method> <!-- tearDown -->
        <test-method is-config="true" signature="initializeDriver()[pri:0, instance:geoPackTest.FreelancerTest@3f363cf5]" started-at="2020-05-31T17:23:46 IST" name="initializeDriver" finished-at="2020-05-31T17:23:54 IST" duration-ms="7989" status="PASS">
          <reporter-output>
          </reporter-output>
        </test-method> <!-- initializeDriver -->
        <test-method signature="FreelancerAnnually50000WithExtSupport()[pri:12, instance:geoPackTest.FreelancerTest@3f363cf5]" started-at="2020-05-31T17:23:54 IST" name="FreelancerAnnually50000WithExtSupport" finished-at="2020-05-31T17:24:05 IST" duration-ms="11164" status="PASS">
          <reporter-output>
          </reporter-output>
        </test-method> <!-- FreelancerAnnually50000WithExtSupport -->
        <test-method is-config="true" signature="tearDown()[pri:0, instance:geoPackTest.FreelancerTest@3f363cf5]" started-at="2020-05-31T17:24:05 IST" name="tearDown" finished-at="2020-05-31T17:24:06 IST" duration-ms="707" status="PASS">
          <reporter-output>
          </reporter-output>
        </test-method> <!-- tearDown -->
        <test-method is-config="true" signature="initializeDriver()[pri:0, instance:geoPackTest.FreelancerTest@3f363cf5]" started-at="2020-05-31T17:24:06 IST" name="initializeDriver" finished-at="2020-05-31T17:24:14 IST" duration-ms="8204" status="PASS">
          <reporter-output>
          </reporter-output>
        </test-method> <!-- initializeDriver -->
        <test-method signature="FreelancerMonthly80000NoExtSupport()[pri:13, instance:geoPackTest.FreelancerTest@3f363cf5]" started-at="2020-05-31T17:24:14 IST" name="FreelancerMonthly80000NoExtSupport" finished-at="2020-05-31T17:24:25 IST" duration-ms="10429" status="PASS">
          <reporter-output>
          </reporter-output>
        </test-method> <!-- FreelancerMonthly80000NoExtSupport -->
        <test-method is-config="true" signature="tearDown()[pri:0, instance:geoPackTest.FreelancerTest@3f363cf5]" started-at="2020-05-31T17:24:25 IST" name="tearDown" finished-at="2020-05-31T17:24:25 IST" duration-ms="721" status="PASS">
          <reporter-output>
          </reporter-output>
        </test-method> <!-- tearDown -->
        <test-method is-config="true" signature="initializeDriver()[pri:0, instance:geoPackTest.FreelancerTest@3f363cf5]" started-at="2020-05-31T17:24:25 IST" name="initializeDriver" finished-at="2020-05-31T17:24:34 IST" duration-ms="8392" status="PASS">
          <reporter-output>
          </reporter-output>
        </test-method> <!-- initializeDriver -->
        <test-method signature="FreelancerMonthly80000WithExtSupport()[pri:14, instance:geoPackTest.FreelancerTest@3f363cf5]" started-at="2020-05-31T17:24:34 IST" name="FreelancerMonthly80000WithExtSupport" finished-at="2020-05-31T17:24:44 IST" duration-ms="10042" status="PASS">
          <reporter-output>
          </reporter-output>
        </test-method> <!-- FreelancerMonthly80000WithExtSupport -->
        <test-method is-config="true" signature="tearDown()[pri:0, instance:geoPackTest.FreelancerTest@3f363cf5]" started-at="2020-05-31T17:24:44 IST" name="tearDown" finished-at="2020-05-31T17:24:44 IST" duration-ms="714" status="PASS">
          <reporter-output>
          </reporter-output>
        </test-method> <!-- tearDown -->
        <test-method is-config="true" signature="initializeDriver()[pri:0, instance:geoPackTest.FreelancerTest@3f363cf5]" started-at="2020-05-31T17:24:44 IST" name="initializeDriver" finished-at="2020-05-31T17:24:52 IST" duration-ms="8112" status="PASS">
          <reporter-output>
          </reporter-output>
        </test-method> <!-- initializeDriver -->
        <test-method signature="FreelancerAnnually80000NoExtSupport()[pri:15, instance:geoPackTest.FreelancerTest@3f363cf5]" started-at="2020-05-31T17:24:52 IST" name="FreelancerAnnually80000NoExtSupport" finished-at="2020-05-31T17:25:03 IST" duration-ms="10355" status="PASS">
          <reporter-output>
          </reporter-output>
        </test-method> <!-- FreelancerAnnually80000NoExtSupport -->
        <test-method is-config="true" signature="tearDown()[pri:0, instance:geoPackTest.FreelancerTest@3f363cf5]" started-at="2020-05-31T17:25:03 IST" name="tearDown" finished-at="2020-05-31T17:25:04 IST" duration-ms="695" status="PASS">
          <reporter-output>
          </reporter-output>
        </test-method> <!-- tearDown -->
        <test-method is-config="true" signature="initializeDriver()[pri:0, instance:geoPackTest.FreelancerTest@3f363cf5]" started-at="2020-05-31T17:25:04 IST" name="initializeDriver" finished-at="2020-05-31T17:25:11 IST" duration-ms="7618" status="PASS">
          <reporter-output>
          </reporter-output>
        </test-method> <!-- initializeDriver -->
        <test-method signature="FreelancerAnnually80000WithExtSupport()[pri:16, instance:geoPackTest.FreelancerTest@3f363cf5]" started-at="2020-05-31T17:25:11 IST" name="FreelancerAnnually80000WithExtSupport" finished-at="2020-05-31T17:25:22 IST" duration-ms="10823" status="PASS">
          <reporter-output>
          </reporter-output>
        </test-method> <!-- FreelancerAnnually80000WithExtSupport -->
        <test-method is-config="true" signature="tearDown()[pri:0, instance:geoPackTest.FreelancerTest@3f363cf5]" started-at="2020-05-31T17:25:22 IST" name="tearDown" finished-at="2020-05-31T17:25:23 IST" duration-ms="721" status="PASS">
          <reporter-output>
          </reporter-output>
        </test-method> <!-- tearDown -->
      </class> <!-- geoPackTest.FreelancerTest -->
      <class name="geoPackTest.EnterPrizeTest">
        <test-method is-config="true" signature="initializeDriver()[pri:0, instance:geoPackTest.EnterPrizeTest@4baf352a]" started-at="2020-05-31T17:40:32 IST" name="initializeDriver" finished-at="2020-05-31T17:40:43 IST" duration-ms="10450" status="PASS">
          <reporter-output>
          </reporter-output>
        </test-method> <!-- initializeDriver -->
        <test-method signature="EnterprizeMonthly10000SmallestNA()[pri:1, instance:geoPackTest.EnterPrizeTest@4baf352a]" started-at="2020-05-31T17:40:43 IST" name="EnterprizeMonthly10000SmallestNA" finished-at="2020-05-31T17:40:50 IST" duration-ms="7348" status="PASS">
          <reporter-output>
          </reporter-output>
        </test-method> <!-- EnterprizeMonthly10000SmallestNA -->
        <test-method is-config="true" signature="tearDown()[pri:0, instance:geoPackTest.EnterPrizeTest@4baf352a]" started-at="2020-05-31T17:40:50 IST" name="tearDown" finished-at="2020-05-31T17:40:51 IST" duration-ms="738" status="PASS">
          <reporter-output>
          </reporter-output>
        </test-method> <!-- tearDown -->
        <test-method is-config="true" signature="initializeDriver()[pri:0, instance:geoPackTest.EnterPrizeTest@4baf352a]" started-at="2020-05-31T17:40:51 IST" name="initializeDriver" finished-at="2020-05-31T17:41:01 IST" duration-ms="10417" status="PASS">
          <reporter-output>
          </reporter-output>
        </test-method> <!-- initializeDriver -->
        <test-method signature="EnterprizeAnnually10000SmallestNoExtSupport()[pri:2, instance:geoPackTest.EnterPrizeTest@4baf352a]" started-at="2020-05-31T17:41:01 IST" name="EnterprizeAnnually10000SmallestNoExtSupport" finished-at="2020-05-31T17:41:29 IST" duration-ms="28130" status="FAIL">
          <exception class="org.openqa.selenium.NoSuchElementException">
            <message>
              <![CDATA[no such element: Unable to locate element: {"method":"xpath","selector":"//button[@id='btnCheckout']"}
  (Session info: chrome=83.0.4103.61)
For documentation on this error, please visit: https://www.seleniumhq.org/exceptions/no_such_element.html
Build info: version: '3.141.59', revision: 'e82be7d358', time: '2018-11-14T08:17:03'
System info: host: 'DESKTOP-5KN6EBV', ip: '192.168.0.102', os.name: 'Windows 10', os.arch: 'amd64', os.version: '10.0', java.version: '11.0.4'
Driver info: org.openqa.selenium.chrome.ChromeDriver
Capabilities {acceptInsecureCerts: false, browserName: chrome, browserVersion: 83.0.4103.61, chrome: {chromedriverVersion: 83.0.4103.39 (ccbf011cb2d2b..., userDataDir: C:\Users\cc\AppData\Local\T...}, goog:chromeOptions: {debuggerAddress: localhost:53039}, javascriptEnabled: true, networkConnectionEnabled: false, pageLoadStrategy: normal, platform: WINDOWS, platformName: WINDOWS, proxy: Proxy(), setWindowRect: true, strictFileInteractability: false, timeouts: {implicit: 0, pageLoad: 300000, script: 30000}, unhandledPromptBehavior: dismiss and notify, webauthn:virtualAuthenticators: true}
Session ID: 0d1ee3d62eb4efbef003853e7ed0910c
*** Element info: {Using=xpath, value=//button[@id='btnCheckout']}]]>
            </message>
            <full-stacktrace>
              <![CDATA[org.openqa.selenium.NoSuchElementException: no such element: Unable to locate element: {"method":"xpath","selector":"//button[@id='btnCheckout']"}
  (Session info: chrome=83.0.4103.61)
For documentation on this error, please visit: https://www.seleniumhq.org/exceptions/no_such_element.html
Build info: version: '3.141.59', revision: 'e82be7d358', time: '2018-11-14T08:17:03'
System info: host: 'DESKTOP-5KN6EBV', ip: '192.168.0.102', os.name: 'Windows 10', os.arch: 'amd64', os.version: '10.0', java.version: '11.0.4'
Driver info: org.openqa.selenium.chrome.ChromeDriver
Capabilities {acceptInsecureCerts: false, browserName: chrome, browserVersion: 83.0.4103.61, chrome: {chromedriverVersion: 83.0.4103.39 (ccbf011cb2d2b..., userDataDir: C:\Users\cc\AppData\Local\T...}, goog:chromeOptions: {debuggerAddress: localhost:53039}, javascriptEnabled: true, networkConnectionEnabled: false, pageLoadStrategy: normal, platform: WINDOWS, platformName: WINDOWS, proxy: Proxy(), setWindowRect: true, strictFileInteractability: false, timeouts: {implicit: 0, pageLoad: 300000, script: 30000}, unhandledPromptBehavior: dismiss and notify, webauthn:virtualAuthenticators: true}
Session ID: 0d1ee3d62eb4efbef003853e7ed0910c
*** Element info: {Using=xpath, value=//button[@id='btnCheckout']}
at java.base/jdk.internal.reflect.NativeConstructorAccessorImpl.newInstance0(Native Method)
at java.base/jdk.internal.reflect.NativeConstructorAccessorImpl.newInstance(NativeConstructorAccessorImpl.java:62)
at java.base/jdk.internal.reflect.DelegatingConstructorAccessorImpl.newInstance(DelegatingConstructorAccessorImpl.java:45)
at java.base/java.lang.reflect.Constructor.newInstance(Constructor.java:490)
at org.openqa.selenium.remote.http.W3CHttpResponseCodec.createException(W3CHttpResponseCodec.java:187)
at org.openqa.selenium.remote.http.W3CHttpResponseCodec.decode(W3CHttpResponseCodec.java:122)
at org.openqa.selenium.remote.http.W3CHttpResponseCodec.decode(W3CHttpResponseCodec.java:49)
at org.openqa.selenium.remote.HttpCommandExecutor.execute(HttpCommandExecutor.java:158)
at org.openqa.selenium.remote.service.DriverCommandExecutor.execute(DriverCommandExecutor.java:83)
at org.openqa.selenium.remote.RemoteWebDriver.execute(RemoteWebDriver.java:552)
at org.openqa.selenium.remote.RemoteWebDriver.findElement(RemoteWebDriver.java:323)
at org.openqa.selenium.remote.RemoteWebDriver.findElementByXPath(RemoteWebDriver.java:428)
at org.openqa.selenium.By$ByXPath.findElement(By.java:353)
at org.openqa.selenium.remote.RemoteWebDriver.findElement(RemoteWebDriver.java:315)
at geoPackPages.CartPage.clickCheckoutButton(CartPage.java:40)
at geoPackPages.UtilityFunctions.checkoutProcessWithoutExtSupportEnterPrize(UtilityFunctions.java:81)
at geoPackTest.EnterPrizeTest.EnterprizeAnnually10000SmallestNoExtSupport(EnterPrizeTest.java:51)
at java.base/jdk.internal.reflect.NativeMethodAccessorImpl.invoke0(Native Method)
at java.base/jdk.internal.reflect.NativeMethodAccessorImpl.invoke(NativeMethodAccessorImpl.java:62)
at java.base/jdk.internal.reflect.DelegatingMethodAccessorImpl.invoke(DelegatingMethodAccessorImpl.java:43)
at java.base/java.lang.reflect.Method.invoke(Method.java:566)
at org.testng.internal.MethodInvocationHelper.invokeMethod(MethodInvocationHelper.java:133)
at org.testng.internal.TestInvoker.invokeMethod(TestInvoker.java:584)
at org.testng.internal.TestInvoker.invokeTestMethod(TestInvoker.java:172)
at org.testng.internal.MethodRunner.runInSequence(MethodRunner.java:46)
at org.testng.internal.TestInvoker$MethodInvocationAgent.invoke(TestInvoker.java:804)
at org.testng.internal.TestInvoker.invokeTestMethods(TestInvoker.java:145)
at org.testng.internal.TestMethodWorker.invokeTestMethods(TestMethodWorker.java:146)
at org.testng.internal.TestMethodWorker.run(TestMethodWorker.java:128)
at java.base/java.util.ArrayList.forEach(ArrayList.java:1540)
at org.testng.TestRunner.privateRun(TestRunner.java:770)
at org.testng.TestRunner.run(TestRunner.java:591)
at org.testng.SuiteRunner.runTest(SuiteRunner.java:402)
at org.testng.SuiteRunner.runSequentially(SuiteRunner.java:396)
at org.testng.SuiteRunner.privateRun(SuiteRunner.java:355)
at org.testng.SuiteRunner.run(SuiteRunner.java:304)
at org.testng.SuiteRunnerWorker.runSuite(SuiteRunnerWorker.java:53)
at org.testng.SuiteRunnerWorker.run(SuiteRunnerWorker.java:96)
at org.testng.TestNG.runSuitesSequentially(TestNG.java:1180)
at org.testng.TestNG.runSuitesLocally(TestNG.java:1102)
at org.testng.TestNG.runSuites(TestNG.java:1032)
at org.testng.TestNG.run(TestNG.java:1000)
at org.testng.remote.AbstractRemoteTestNG.run(AbstractRemoteTestNG.java:115)
at org.testng.remote.RemoteTestNG.initAndRun(RemoteTestNG.java:251)
at org.testng.remote.RemoteTestNG.main(RemoteTestNG.java:77)
]]>
            </full-stacktrace>
          </exception> <!-- org.openqa.selenium.NoSuchElementException -->
          <reporter-output>
          </reporter-output>
        </test-method> <!-- EnterprizeAnnually10000SmallestNoExtSupport -->
        <test-method is-config="true" signature="tearDown()[pri:0, instance:geoPackTest.EnterPrizeTest@4baf352a]" started-at="2020-05-31T17:41:30 IST" name="tearDown" finished-at="2020-05-31T17:41:31 IST" duration-ms="735" status="PASS">
          <reporter-output>
          </reporter-output>
        </test-method> <!-- tearDown -->
        <test-method is-config="true" signature="initializeDriver()[pri:0, instance:geoPackTest.EnterPrizeTest@4baf352a]" started-at="2020-05-31T17:41:31 IST" name="initializeDriver" finished-at="2020-05-31T17:41:43 IST" duration-ms="11880" status="PASS">
          <reporter-output>
          </reporter-output>
        </test-method> <!-- initializeDriver -->
        <test-method signature="EnterprizeAnnually10000SmallestWithExtSupport()[pri:3, instance:geoPackTest.EnterPrizeTest@4baf352a]" started-at="2020-05-31T17:41:43 IST" name="EnterprizeAnnually10000SmallestWithExtSupport" finished-at="2020-05-31T17:42:11 IST" duration-ms="28323" status="FAIL">
          <exception class="org.openqa.selenium.NoSuchElementException">
            <message>
              <![CDATA[no such element: Unable to locate element: {"method":"xpath","selector":"//select[@id='ddlSupportType']"}
  (Session info: chrome=83.0.4103.61)
For documentation on this error, please visit: https://www.seleniumhq.org/exceptions/no_such_element.html
Build info: version: '3.141.59', revision: 'e82be7d358', time: '2018-11-14T08:17:03'
System info: host: 'DESKTOP-5KN6EBV', ip: '192.168.0.102', os.name: 'Windows 10', os.arch: 'amd64', os.version: '10.0', java.version: '11.0.4'
Driver info: org.openqa.selenium.chrome.ChromeDriver
Capabilities {acceptInsecureCerts: false, browserName: chrome, browserVersion: 83.0.4103.61, chrome: {chromedriverVersion: 83.0.4103.39 (ccbf011cb2d2b..., userDataDir: C:\Users\cc\AppData\Local\T...}, goog:chromeOptions: {debuggerAddress: localhost:53060}, javascriptEnabled: true, networkConnectionEnabled: false, pageLoadStrategy: normal, platform: WINDOWS, platformName: WINDOWS, proxy: Proxy(), setWindowRect: true, strictFileInteractability: false, timeouts: {implicit: 0, pageLoad: 300000, script: 30000}, unhandledPromptBehavior: dismiss and notify, webauthn:virtualAuthenticators: true}
Session ID: c0f1be51c78665a823ecca4fe7f66ac7
*** Element info: {Using=xpath, value=//select[@id='ddlSupportType']}]]>
            </message>
            <full-stacktrace>
              <![CDATA[org.openqa.selenium.NoSuchElementException: no such element: Unable to locate element: {"method":"xpath","selector":"//select[@id='ddlSupportType']"}
  (Session info: chrome=83.0.4103.61)
For documentation on this error, please visit: https://www.seleniumhq.org/exceptions/no_such_element.html
Build info: version: '3.141.59', revision: 'e82be7d358', time: '2018-11-14T08:17:03'
System info: host: 'DESKTOP-5KN6EBV', ip: '192.168.0.102', os.name: 'Windows 10', os.arch: 'amd64', os.version: '10.0', java.version: '11.0.4'
Driver info: org.openqa.selenium.chrome.ChromeDriver
Capabilities {acceptInsecureCerts: false, browserName: chrome, browserVersion: 83.0.4103.61, chrome: {chromedriverVersion: 83.0.4103.39 (ccbf011cb2d2b..., userDataDir: C:\Users\cc\AppData\Local\T...}, goog:chromeOptions: {debuggerAddress: localhost:53060}, javascriptEnabled: true, networkConnectionEnabled: false, pageLoadStrategy: normal, platform: WINDOWS, platformName: WINDOWS, proxy: Proxy(), setWindowRect: true, strictFileInteractability: false, timeouts: {implicit: 0, pageLoad: 300000, script: 30000}, unhandledPromptBehavior: dismiss and notify, webauthn:virtualAuthenticators: true}
Session ID: c0f1be51c78665a823ecca4fe7f66ac7
*** Element info: {Using=xpath, value=//select[@id='ddlSupportType']}
at java.base/jdk.internal.reflect.NativeConstructorAccessorImpl.newInstance0(Native Method)
at java.base/jdk.internal.reflect.NativeConstructorAccessorImpl.newInstance(NativeConstructorAccessorImpl.java:62)
at java.base/jdk.internal.reflect.DelegatingConstructorAccessorImpl.newInstance(DelegatingConstructorAccessorImpl.java:45)
at java.base/java.lang.reflect.Constructor.newInstance(Constructor.java:490)
at org.openqa.selenium.remote.http.W3CHttpResponseCodec.createException(W3CHttpResponseCodec.java:187)
at org.openqa.selenium.remote.http.W3CHttpResponseCodec.decode(W3CHttpResponseCodec.java:122)
at org.openqa.selenium.remote.http.W3CHttpResponseCodec.decode(W3CHttpResponseCodec.java:49)
at org.openqa.selenium.remote.HttpCommandExecutor.execute(HttpCommandExecutor.java:158)
at org.openqa.selenium.remote.service.DriverCommandExecutor.execute(DriverCommandExecutor.java:83)
at org.openqa.selenium.remote.RemoteWebDriver.execute(RemoteWebDriver.java:552)
at org.openqa.selenium.remote.RemoteWebDriver.findElement(RemoteWebDriver.java:323)
at org.openqa.selenium.remote.RemoteWebDriver.findElementByXPath(RemoteWebDriver.java:428)
at org.openqa.selenium.By$ByXPath.findElement(By.java:353)
at org.openqa.selenium.remote.RemoteWebDriver.findElement(RemoteWebDriver.java:315)
at geoPackPages.CartPage.supportDropDown(CartPage.java:62)
at geoPackPages.UtilityFunctions.checkoutProcessWithExtSupportEnterPrize(UtilityFunctions.java:94)
at geoPackTest.EnterPrizeTest.EnterprizeAnnually10000SmallestWithExtSupport(EnterPrizeTest.java:57)
at java.base/jdk.internal.reflect.NativeMethodAccessorImpl.invoke0(Native Method)
at java.base/jdk.internal.reflect.NativeMethodAccessorImpl.invoke(NativeMethodAccessorImpl.java:62)
at java.base/jdk.internal.reflect.DelegatingMethodAccessorImpl.invoke(DelegatingMethodAccessorImpl.java:43)
at java.base/java.lang.reflect.Method.invoke(Method.java:566)
at org.testng.internal.MethodInvocationHelper.invokeMethod(MethodInvocationHelper.java:133)
at org.testng.internal.TestInvoker.invokeMethod(TestInvoker.java:584)
at org.testng.internal.TestInvoker.invokeTestMethod(TestInvoker.java:172)
at org.testng.internal.MethodRunner.runInSequence(MethodRunner.java:46)
at org.testng.internal.TestInvoker$MethodInvocationAgent.invoke(TestInvoker.java:804)
at org.testng.internal.TestInvoker.invokeTestMethods(TestInvoker.java:145)
at org.testng.internal.TestMethodWorker.invokeTestMethods(TestMethodWorker.java:146)
at org.testng.internal.TestMethodWorker.run(TestMethodWorker.java:128)
at java.base/java.util.ArrayList.forEach(ArrayList.java:1540)
at org.testng.TestRunner.privateRun(TestRunner.java:770)
at org.testng.TestRunner.run(TestRunner.java:591)
at org.testng.SuiteRunner.runTest(SuiteRunner.java:402)
at org.testng.SuiteRunner.runSequentially(SuiteRunner.java:396)
at org.testng.SuiteRunner.privateRun(SuiteRunner.java:355)
at org.testng.SuiteRunner.run(SuiteRunner.java:304)
at org.testng.SuiteRunnerWorker.runSuite(SuiteRunnerWorker.java:53)
at org.testng.SuiteRunnerWorker.run(SuiteRunnerWorker.java:96)
at org.testng.TestNG.runSuitesSequentially(TestNG.java:1180)
at org.testng.TestNG.runSuitesLocally(TestNG.java:1102)
at org.testng.TestNG.runSuites(TestNG.java:1032)
at org.testng.TestNG.run(TestNG.java:1000)
at org.testng.remote.AbstractRemoteTestNG.run(AbstractRemoteTestNG.java:115)
at org.testng.remote.RemoteTestNG.initAndRun(RemoteTestNG.java:251)
at org.testng.remote.RemoteTestNG.main(RemoteTestNG.java:77)
]]>
            </full-stacktrace>
          </exception> <!-- org.openqa.selenium.NoSuchElementException -->
          <reporter-output>
          </reporter-output>
        </test-method> <!-- EnterprizeAnnually10000SmallestWithExtSupport -->
        <test-method is-config="true" signature="tearDown()[pri:0, instance:geoPackTest.EnterPrizeTest@4baf352a]" started-at="2020-05-31T17:42:12 IST" name="tearDown" finished-at="2020-05-31T17:42:13 IST" duration-ms="1207" status="PASS">
          <reporter-output>
          </reporter-output>
        </test-method> <!-- tearDown -->
        <test-method is-config="true" signature="initializeDriver()[pri:0, instance:geoPackTest.EnterPrizeTest@4baf352a]" started-at="2020-05-31T17:42:13 IST" name="initializeDriver" finished-at="2020-05-31T17:42:25 IST" duration-ms="11975" status="PASS">
          <reporter-output>
          </reporter-output>
        </test-method> <!-- initializeDriver -->
        <test-method signature="EnterprizeMonthly250000NoExtSupport()[pri:4, instance:geoPackTest.EnterPrizeTest@4baf352a]" started-at="2020-05-31T17:42:25 IST" name="EnterprizeMonthly250000NoExtSupport" finished-at="2020-05-31T17:42:39 IST" duration-ms="13804" status="PASS">
          <reporter-output>
          </reporter-output>
        </test-method> <!-- EnterprizeMonthly250000NoExtSupport -->
        <test-method is-config="true" signature="tearDown()[pri:0, instance:geoPackTest.EnterPrizeTest@4baf352a]" started-at="2020-05-31T17:42:39 IST" name="tearDown" finished-at="2020-05-31T17:42:39 IST" duration-ms="696" status="PASS">
          <reporter-output>
          </reporter-output>
        </test-method> <!-- tearDown -->
        <test-method is-config="true" signature="initializeDriver()[pri:0, instance:geoPackTest.EnterPrizeTest@4baf352a]" started-at="2020-05-31T17:42:39 IST" name="initializeDriver" finished-at="2020-05-31T17:42:49 IST" duration-ms="9736" status="PASS">
          <reporter-output>
          </reporter-output>
        </test-method> <!-- initializeDriver -->
        <test-method signature="EnterprizeMonthly250000WithExtSupport()[pri:5, instance:geoPackTest.EnterPrizeTest@4baf352a]" started-at="2020-05-31T17:42:49 IST" name="EnterprizeMonthly250000WithExtSupport" finished-at="2020-05-31T17:43:01 IST" duration-ms="12156" status="PASS">
          <reporter-output>
          </reporter-output>
        </test-method> <!-- EnterprizeMonthly250000WithExtSupport -->
        <test-method is-config="true" signature="tearDown()[pri:0, instance:geoPackTest.EnterPrizeTest@4baf352a]" started-at="2020-05-31T17:43:01 IST" name="tearDown" finished-at="2020-05-31T17:43:02 IST" duration-ms="711" status="PASS">
          <reporter-output>
          </reporter-output>
        </test-method> <!-- tearDown -->
        <test-method is-config="true" signature="initializeDriver()[pri:0, instance:geoPackTest.EnterPrizeTest@4baf352a]" started-at="2020-05-31T17:43:02 IST" name="initializeDriver" finished-at="2020-05-31T17:43:12 IST" duration-ms="10381" status="PASS">
          <reporter-output>
          </reporter-output>
        </test-method> <!-- initializeDriver -->
        <test-method signature="EnterprizeAnnually250000NoExtSupport()[pri:6, instance:geoPackTest.EnterPrizeTest@4baf352a]" started-at="2020-05-31T17:43:12 IST" name="EnterprizeAnnually250000NoExtSupport" finished-at="2020-05-31T17:43:24 IST" duration-ms="11508" status="PASS">
          <reporter-output>
          </reporter-output>
        </test-method> <!-- EnterprizeAnnually250000NoExtSupport -->
        <test-method is-config="true" signature="tearDown()[pri:0, instance:geoPackTest.EnterPrizeTest@4baf352a]" started-at="2020-05-31T17:43:24 IST" name="tearDown" finished-at="2020-05-31T17:43:25 IST" duration-ms="687" status="PASS">
          <reporter-output>
          </reporter-output>
        </test-method> <!-- tearDown -->
        <test-method is-config="true" signature="initializeDriver()[pri:0, instance:geoPackTest.EnterPrizeTest@4baf352a]" started-at="2020-05-31T17:43:25 IST" name="initializeDriver" finished-at="2020-05-31T17:43:35 IST" duration-ms="10145" status="PASS">
          <reporter-output>
          </reporter-output>
        </test-method> <!-- initializeDriver -->
        <test-method signature="EnterprizeAnnually250000WithExtSupport()[pri:7, instance:geoPackTest.EnterPrizeTest@4baf352a]" started-at="2020-05-31T17:43:35 IST" name="EnterprizeAnnually250000WithExtSupport" finished-at="2020-05-31T17:43:47 IST" duration-ms="12131" status="PASS">
          <reporter-output>
          </reporter-output>
        </test-method> <!-- EnterprizeAnnually250000WithExtSupport -->
        <test-method is-config="true" signature="tearDown()[pri:0, instance:geoPackTest.EnterPrizeTest@4baf352a]" started-at="2020-05-31T17:43:47 IST" name="tearDown" finished-at="2020-05-31T17:43:48 IST" duration-ms="705" status="PASS">
          <reporter-output>
          </reporter-output>
        </test-method> <!-- tearDown -->
        <test-method is-config="true" signature="initializeDriver()[pri:0, instance:geoPackTest.EnterPrizeTest@4baf352a]" started-at="2020-05-31T17:43:48 IST" name="initializeDriver" finished-at="2020-05-31T17:43:57 IST" duration-ms="9874" status="PASS">
          <reporter-output>
          </reporter-output>
        </test-method> <!-- initializeDriver -->
        <test-method signature="EnterprizeMonthly500000NoExtSupport()[pri:8, instance:geoPackTest.EnterPrizeTest@4baf352a]" started-at="2020-05-31T17:43:57 IST" name="EnterprizeMonthly500000NoExtSupport" finished-at="2020-05-31T17:44:09 IST" duration-ms="11719" status="PASS">
          <reporter-output>
          </reporter-output>
        </test-method> <!-- EnterprizeMonthly500000NoExtSupport -->
        <test-method is-config="true" signature="tearDown()[pri:0, instance:geoPackTest.EnterPrizeTest@4baf352a]" started-at="2020-05-31T17:44:09 IST" name="tearDown" finished-at="2020-05-31T17:44:10 IST" duration-ms="709" status="PASS">
          <reporter-output>
          </reporter-output>
        </test-method> <!-- tearDown -->
        <test-method is-config="true" signature="initializeDriver()[pri:0, instance:geoPackTest.EnterPrizeTest@4baf352a]" started-at="2020-05-31T17:44:10 IST" name="initializeDriver" finished-at="2020-05-31T17:44:20 IST" duration-ms="10330" status="PASS">
          <reporter-output>
          </reporter-output>
        </test-method> <!-- initializeDriver -->
        <test-method signature="EnterprizeMonthly500000WithExtSupport()[pri:9, instance:geoPackTest.EnterPrizeTest@4baf352a]" started-at="2020-05-31T17:44:20 IST" name="EnterprizeMonthly500000WithExtSupport" finished-at="2020-05-31T17:44:33 IST" duration-ms="12387" status="PASS">
          <reporter-output>
          </reporter-output>
        </test-method> <!-- EnterprizeMonthly500000WithExtSupport -->
        <test-method is-config="true" signature="tearDown()[pri:0, instance:geoPackTest.EnterPrizeTest@4baf352a]" started-at="2020-05-31T17:44:33 IST" name="tearDown" finished-at="2020-05-31T17:44:33 IST" duration-ms="704" status="PASS">
          <reporter-output>
          </reporter-output>
        </test-method> <!-- tearDown -->
        <test-method is-config="true" signature="initializeDriver()[pri:0, instance:geoPackTest.EnterPrizeTest@4baf352a]" started-at="2020-05-31T17:44:33 IST" name="initializeDriver" finished-at="2020-05-31T17:44:44 IST" duration-ms="10234" status="PASS">
          <reporter-output>
          </reporter-output>
        </test-method> <!-- initializeDriver -->
        <test-method signature="EnterprizeAnnually500000NoExtSupport()[pri:10, instance:geoPackTest.EnterPrizeTest@4baf352a]" started-at="2020-05-31T17:44:44 IST" name="EnterprizeAnnually500000NoExtSupport" finished-at="2020-05-31T17:44:55 IST" duration-ms="11637" status="PASS">
          <reporter-output>
          </reporter-output>
        </test-method> <!-- EnterprizeAnnually500000NoExtSupport -->
        <test-method is-config="true" signature="tearDown()[pri:0, instance:geoPackTest.EnterPrizeTest@4baf352a]" started-at="2020-05-31T17:44:55 IST" name="tearDown" finished-at="2020-05-31T17:44:56 IST" duration-ms="766" status="PASS">
          <reporter-output>
          </reporter-output>
        </test-method> <!-- tearDown -->
        <test-method is-config="true" signature="initializeDriver()[pri:0, instance:geoPackTest.EnterPrizeTest@4baf352a]" started-at="2020-05-31T17:44:56 IST" name="initializeDriver" finished-at="2020-05-31T17:45:06 IST" duration-ms="10153" status="PASS">
          <reporter-output>
          </reporter-output>
        </test-method> <!-- initializeDriver -->
        <test-method signature="EnterprizeAnnually500000WithExtSupport()[pri:11, instance:geoPackTest.EnterPrizeTest@4baf352a]" started-at="2020-05-31T17:45:06 IST" name="EnterprizeAnnually500000WithExtSupport" finished-at="2020-05-31T17:45:20 IST" duration-ms="13626" status="PASS">
          <reporter-output>
          </reporter-output>
        </test-method> <!-- EnterprizeAnnually500000WithExtSupport -->
        <test-method is-config="true" signature="tearDown()[pri:0, instance:geoPackTest.EnterPrizeTest@4baf352a]" started-at="2020-05-31T17:45:20 IST" name="tearDown" finished-at="2020-05-31T17:45:20 IST" duration-ms="704" status="PASS">
          <reporter-output>
          </reporter-output>
        </test-method> <!-- tearDown -->
        <test-method is-config="true" signature="initializeDriver()[pri:0, instance:geoPackTest.EnterPrizeTest@4baf352a]" started-at="2020-05-31T17:45:20 IST" name="initializeDriver" finished-at="2020-05-31T17:45:32 IST" duration-ms="11547" status="PASS">
          <reporter-output>
          </reporter-output>
        </test-method> <!-- initializeDriver -->
        <test-method signature="EnterprizeMonthly1000000NoExtSupport()[pri:12, instance:geoPackTest.EnterPrizeTest@4baf352a]" started-at="2020-05-31T17:45:32 IST" name="EnterprizeMonthly1000000NoExtSupport" finished-at="2020-05-31T17:45:43 IST" duration-ms="11365" status="PASS">
          <reporter-output>
          </reporter-output>
        </test-method> <!-- EnterprizeMonthly1000000NoExtSupport -->
        <test-method is-config="true" signature="tearDown()[pri:0, instance:geoPackTest.EnterPrizeTest@4baf352a]" started-at="2020-05-31T17:45:43 IST" name="tearDown" finished-at="2020-05-31T17:45:44 IST" duration-ms="691" status="PASS">
          <reporter-output>
          </reporter-output>
        </test-method> <!-- tearDown -->
        <test-method is-config="true" signature="initializeDriver()[pri:0, instance:geoPackTest.EnterPrizeTest@4baf352a]" started-at="2020-05-31T17:45:44 IST" name="initializeDriver" finished-at="2020-05-31T17:45:54 IST" duration-ms="10155" status="PASS">
          <reporter-output>
          </reporter-output>
        </test-method> <!-- initializeDriver -->
        <test-method signature="EnterprizeMonthly1000000WithExtSupport()[pri:13, instance:geoPackTest.EnterPrizeTest@4baf352a]" started-at="2020-05-31T17:45:54 IST" name="EnterprizeMonthly1000000WithExtSupport" finished-at="2020-05-31T17:46:06 IST" duration-ms="12125" status="PASS">
          <reporter-output>
          </reporter-output>
        </test-method> <!-- EnterprizeMonthly1000000WithExtSupport -->
        <test-method is-config="true" signature="tearDown()[pri:0, instance:geoPackTest.EnterPrizeTest@4baf352a]" started-at="2020-05-31T17:46:06 IST" name="tearDown" finished-at="2020-05-31T17:46:07 IST" duration-ms="712" status="PASS">
          <reporter-output>
          </reporter-output>
        </test-method> <!-- tearDown -->
        <test-method is-config="true" signature="initializeDriver()[pri:0, instance:geoPackTest.EnterPrizeTest@4baf352a]" started-at="2020-05-31T17:46:07 IST" name="initializeDriver" finished-at="2020-05-31T17:46:18 IST" duration-ms="10803" status="PASS">
          <reporter-output>
          </reporter-output>
        </test-method> <!-- initializeDriver -->
        <test-method signature="EnterprizeAnnually1000000NoExtSupport()[pri:14, instance:geoPackTest.EnterPrizeTest@4baf352a]" started-at="2020-05-31T17:46:18 IST" name="EnterprizeAnnually1000000NoExtSupport" finished-at="2020-05-31T17:46:30 IST" duration-ms="12585" status="PASS">
          <reporter-output>
          </reporter-output>
        </test-method> <!-- EnterprizeAnnually1000000NoExtSupport -->
        <test-method is-config="true" signature="tearDown()[pri:0, instance:geoPackTest.EnterPrizeTest@4baf352a]" started-at="2020-05-31T17:46:30 IST" name="tearDown" finished-at="2020-05-31T17:46:31 IST" duration-ms="698" status="PASS">
          <reporter-output>
          </reporter-output>
        </test-method> <!-- tearDown -->
        <test-method is-config="true" signature="initializeDriver()[pri:0, instance:geoPackTest.EnterPrizeTest@4baf352a]" started-at="2020-05-31T17:46:31 IST" name="initializeDriver" finished-at="2020-05-31T17:46:42 IST" duration-ms="10924" status="PASS">
          <reporter-output>
          </reporter-output>
        </test-method> <!-- initializeDriver -->
        <test-method signature="EnterprizeAnnually1000000WithExtSupport()[pri:15, instance:geoPackTest.EnterPrizeTest@4baf352a]" started-at="2020-05-31T17:46:42 IST" name="EnterprizeAnnually1000000WithExtSupport" finished-at="2020-05-31T17:46:54 IST" duration-ms="11909" status="PASS">
          <reporter-output>
          </reporter-output>
        </test-method> <!-- EnterprizeAnnually1000000WithExtSupport -->
        <test-method is-config="true" signature="tearDown()[pri:0, instance:geoPackTest.EnterPrizeTest@4baf352a]" started-at="2020-05-31T17:46:54 IST" name="tearDown" finished-at="2020-05-31T17:46:55 IST" duration-ms="703" status="PASS">
          <reporter-output>
          </reporter-output>
        </test-method> <!-- tearDown -->
      </class> <!-- geoPackTest.EnterPrizeTest -->
      <class name="geoPackTest.AgencyTest">
        <test-method is-config="true" signature="initializeDriver()[pri:0, instance:geoPackTest.AgencyTest@3829ac1]" started-at="2020-05-31T17:25:23 IST" name="initializeDriver" finished-at="2020-05-31T17:25:30 IST" duration-ms="7684" status="PASS">
          <reporter-output>
          </reporter-output>
        </test-method> <!-- initializeDriver -->
        <test-method signature="AgencyMonthly10000SmallestNoExtSupport()[pri:1, instance:geoPackTest.AgencyTest@3829ac1]" started-at="2020-05-31T17:25:30 IST" name="AgencyMonthly10000SmallestNoExtSupport" finished-at="2020-05-31T17:25:42 IST" duration-ms="11662" status="PASS">
          <reporter-output>
          </reporter-output>
        </test-method> <!-- AgencyMonthly10000SmallestNoExtSupport -->
        <test-method is-config="true" signature="tearDown()[pri:0, instance:geoPackTest.AgencyTest@3829ac1]" started-at="2020-05-31T17:25:42 IST" name="tearDown" finished-at="2020-05-31T17:25:43 IST" duration-ms="685" status="PASS">
          <reporter-output>
          </reporter-output>
        </test-method> <!-- tearDown -->
        <test-method is-config="true" signature="initializeDriver()[pri:0, instance:geoPackTest.AgencyTest@3829ac1]" started-at="2020-05-31T17:25:43 IST" name="initializeDriver" finished-at="2020-05-31T17:25:51 IST" duration-ms="8048" status="PASS">
          <reporter-output>
          </reporter-output>
        </test-method> <!-- initializeDriver -->
        <test-method signature="AgencyMonthly10000SmallestWithExtSupport()[pri:2, instance:geoPackTest.AgencyTest@3829ac1]" started-at="2020-05-31T17:25:51 IST" name="AgencyMonthly10000SmallestWithExtSupport" finished-at="2020-05-31T17:26:01 IST" duration-ms="10598" status="PASS">
          <reporter-output>
          </reporter-output>
        </test-method> <!-- AgencyMonthly10000SmallestWithExtSupport -->
        <test-method is-config="true" signature="tearDown()[pri:0, instance:geoPackTest.AgencyTest@3829ac1]" started-at="2020-05-31T17:26:01 IST" name="tearDown" finished-at="2020-05-31T17:26:02 IST" duration-ms="712" status="PASS">
          <reporter-output>
          </reporter-output>
        </test-method> <!-- tearDown -->
        <test-method is-config="true" signature="initializeDriver()[pri:0, instance:geoPackTest.AgencyTest@3829ac1]" started-at="2020-05-31T17:26:02 IST" name="initializeDriver" finished-at="2020-05-31T17:26:10 IST" duration-ms="7728" status="PASS">
          <reporter-output>
          </reporter-output>
        </test-method> <!-- initializeDriver -->
        <test-method signature="AgencyAnnually10000NoExtSupport()[pri:3, instance:geoPackTest.AgencyTest@3829ac1]" started-at="2020-05-31T17:26:10 IST" name="AgencyAnnually10000NoExtSupport" finished-at="2020-05-31T17:26:37 IST" duration-ms="27356" status="FAIL">
          <exception class="org.openqa.selenium.NoSuchElementException">
            <message>
              <![CDATA[no such element: Unable to locate element: {"method":"xpath","selector":"//select[contains(@id,'NoOfLicense')]"}
  (Session info: chrome=83.0.4103.61)
For documentation on this error, please visit: https://www.seleniumhq.org/exceptions/no_such_element.html
Build info: version: '3.141.59', revision: 'e82be7d358', time: '2018-11-14T08:17:03'
System info: host: 'DESKTOP-5KN6EBV', ip: '192.168.0.102', os.name: 'Windows 10', os.arch: 'amd64', os.version: '10.0', java.version: '11.0.4'
Driver info: org.openqa.selenium.chrome.ChromeDriver
Capabilities {acceptInsecureCerts: false, browserName: chrome, browserVersion: 83.0.4103.61, chrome: {chromedriverVersion: 83.0.4103.39 (ccbf011cb2d2b..., userDataDir: C:\Users\cc\AppData\Local\T...}, goog:chromeOptions: {debuggerAddress: localhost:52295}, javascriptEnabled: true, networkConnectionEnabled: false, pageLoadStrategy: normal, platform: WINDOWS, platformName: WINDOWS, proxy: Proxy(), setWindowRect: true, strictFileInteractability: false, timeouts: {implicit: 0, pageLoad: 300000, script: 30000}, unhandledPromptBehavior: dismiss and notify, webauthn:virtualAuthenticators: true}
Session ID: 279c770553461e3b6eec14fe66ef76a4
*** Element info: {Using=xpath, value=//select[contains(@id,'NoOfLicense')]}]]>
            </message>
            <full-stacktrace>
              <![CDATA[org.openqa.selenium.NoSuchElementException: no such element: Unable to locate element: {"method":"xpath","selector":"//select[contains(@id,'NoOfLicense')]"}
  (Session info: chrome=83.0.4103.61)
For documentation on this error, please visit: https://www.seleniumhq.org/exceptions/no_such_element.html
Build info: version: '3.141.59', revision: 'e82be7d358', time: '2018-11-14T08:17:03'
System info: host: 'DESKTOP-5KN6EBV', ip: '192.168.0.102', os.name: 'Windows 10', os.arch: 'amd64', os.version: '10.0', java.version: '11.0.4'
Driver info: org.openqa.selenium.chrome.ChromeDriver
Capabilities {acceptInsecureCerts: false, browserName: chrome, browserVersion: 83.0.4103.61, chrome: {chromedriverVersion: 83.0.4103.39 (ccbf011cb2d2b..., userDataDir: C:\Users\cc\AppData\Local\T...}, goog:chromeOptions: {debuggerAddress: localhost:52295}, javascriptEnabled: true, networkConnectionEnabled: false, pageLoadStrategy: normal, platform: WINDOWS, platformName: WINDOWS, proxy: Proxy(), setWindowRect: true, strictFileInteractability: false, timeouts: {implicit: 0, pageLoad: 300000, script: 30000}, unhandledPromptBehavior: dismiss and notify, webauthn:virtualAuthenticators: true}
Session ID: 279c770553461e3b6eec14fe66ef76a4
*** Element info: {Using=xpath, value=//select[contains(@id,'NoOfLicense')]}
at java.base/jdk.internal.reflect.NativeConstructorAccessorImpl.newInstance0(Native Method)
at java.base/jdk.internal.reflect.NativeConstructorAccessorImpl.newInstance(NativeConstructorAccessorImpl.java:62)
at java.base/jdk.internal.reflect.DelegatingConstructorAccessorImpl.newInstance(DelegatingConstructorAccessorImpl.java:45)
at java.base/java.lang.reflect.Constructor.newInstance(Constructor.java:490)
at org.openqa.selenium.remote.http.W3CHttpResponseCodec.createException(W3CHttpResponseCodec.java:187)
at org.openqa.selenium.remote.http.W3CHttpResponseCodec.decode(W3CHttpResponseCodec.java:122)
at org.openqa.selenium.remote.http.W3CHttpResponseCodec.decode(W3CHttpResponseCodec.java:49)
at org.openqa.selenium.remote.HttpCommandExecutor.execute(HttpCommandExecutor.java:158)
at org.openqa.selenium.remote.service.DriverCommandExecutor.execute(DriverCommandExecutor.java:83)
at org.openqa.selenium.remote.RemoteWebDriver.execute(RemoteWebDriver.java:552)
at org.openqa.selenium.remote.RemoteWebDriver.findElement(RemoteWebDriver.java:323)
at org.openqa.selenium.remote.RemoteWebDriver.findElementByXPath(RemoteWebDriver.java:428)
at org.openqa.selenium.By$ByXPath.findElement(By.java:353)
at org.openqa.selenium.remote.RemoteWebDriver.findElement(RemoteWebDriver.java:315)
at geoPackPages.CartPage.addAdditionalLicense(CartPage.java:49)
at geoPackPages.UtilityFunctions.checkoutProcessWithoutExtSupportAgency(UtilityFunctions.java:59)
at geoPackTest.AgencyTest.AgencyAnnually10000NoExtSupport(AgencyTest.java:67)
at java.base/jdk.internal.reflect.NativeMethodAccessorImpl.invoke0(Native Method)
at java.base/jdk.internal.reflect.NativeMethodAccessorImpl.invoke(NativeMethodAccessorImpl.java:62)
at java.base/jdk.internal.reflect.DelegatingMethodAccessorImpl.invoke(DelegatingMethodAccessorImpl.java:43)
at java.base/java.lang.reflect.Method.invoke(Method.java:566)
at org.testng.internal.MethodInvocationHelper.invokeMethod(MethodInvocationHelper.java:133)
at org.testng.internal.TestInvoker.invokeMethod(TestInvoker.java:584)
at org.testng.internal.TestInvoker.invokeTestMethod(TestInvoker.java:172)
at org.testng.internal.MethodRunner.runInSequence(MethodRunner.java:46)
at org.testng.internal.TestInvoker$MethodInvocationAgent.invoke(TestInvoker.java:804)
at org.testng.internal.TestInvoker.invokeTestMethods(TestInvoker.java:145)
at org.testng.internal.TestMethodWorker.invokeTestMethods(TestMethodWorker.java:146)
at org.testng.internal.TestMethodWorker.run(TestMethodWorker.java:128)
at java.base/java.util.ArrayList.forEach(ArrayList.java:1540)
at org.testng.TestRunner.privateRun(TestRunner.java:770)
at org.testng.TestRunner.run(TestRunner.java:591)
at org.testng.SuiteRunner.runTest(SuiteRunner.java:402)
at org.testng.SuiteRunner.runSequentially(SuiteRunner.java:396)
at org.testng.SuiteRunner.privateRun(SuiteRunner.java:355)
at org.testng.SuiteRunner.run(SuiteRunner.java:304)
at org.testng.SuiteRunnerWorker.runSuite(SuiteRunnerWorker.java:53)
at org.testng.SuiteRunnerWorker.run(SuiteRunnerWorker.java:96)
at org.testng.TestNG.runSuitesSequentially(TestNG.java:1180)
at org.testng.TestNG.runSuitesLocally(TestNG.java:1102)
at org.testng.TestNG.runSuites(TestNG.java:1032)
at org.testng.TestNG.run(TestNG.java:1000)
at org.testng.remote.AbstractRemoteTestNG.run(AbstractRemoteTestNG.java:115)
at org.testng.remote.RemoteTestNG.initAndRun(RemoteTestNG.java:251)
at org.testng.remote.RemoteTestNG.main(RemoteTestNG.java:77)
]]>
            </full-stacktrace>
          </exception> <!-- org.openqa.selenium.NoSuchElementException -->
          <reporter-output>
          </reporter-output>
        </test-method> <!-- AgencyAnnually10000NoExtSupport -->
        <test-method is-config="true" signature="tearDown()[pri:0, instance:geoPackTest.AgencyTest@3829ac1]" started-at="2020-05-31T17:26:38 IST" name="tearDown" finished-at="2020-05-31T17:26:39 IST" duration-ms="697" status="PASS">
          <reporter-output>
          </reporter-output>
        </test-method> <!-- tearDown -->
        <test-method is-config="true" signature="initializeDriver()[pri:0, instance:geoPackTest.AgencyTest@3829ac1]" started-at="2020-05-31T17:26:39 IST" name="initializeDriver" finished-at="2020-05-31T17:27:04 IST" duration-ms="25341" status="PASS">
          <reporter-output>
          </reporter-output>
        </test-method> <!-- initializeDriver -->
        <test-method signature="AgencyAnnually10000WithExtSupport()[pri:4, instance:geoPackTest.AgencyTest@3829ac1]" started-at="2020-05-31T17:27:04 IST" name="AgencyAnnually10000WithExtSupport" finished-at="2020-05-31T17:27:31 IST" duration-ms="27120" status="FAIL">
          <exception class="org.openqa.selenium.NoSuchElementException">
            <message>
              <![CDATA[no such element: Unable to locate element: {"method":"xpath","selector":"//select[@id='ddlSupportType']"}
  (Session info: chrome=83.0.4103.61)
For documentation on this error, please visit: https://www.seleniumhq.org/exceptions/no_such_element.html
Build info: version: '3.141.59', revision: 'e82be7d358', time: '2018-11-14T08:17:03'
System info: host: 'DESKTOP-5KN6EBV', ip: '192.168.0.102', os.name: 'Windows 10', os.arch: 'amd64', os.version: '10.0', java.version: '11.0.4'
Driver info: org.openqa.selenium.chrome.ChromeDriver
Capabilities {acceptInsecureCerts: false, browserName: chrome, browserVersion: 83.0.4103.61, chrome: {chromedriverVersion: 83.0.4103.39 (ccbf011cb2d2b..., userDataDir: C:\Users\cc\AppData\Local\T...}, goog:chromeOptions: {debuggerAddress: localhost:52316}, javascriptEnabled: true, networkConnectionEnabled: false, pageLoadStrategy: normal, platform: WINDOWS, platformName: WINDOWS, proxy: Proxy(), setWindowRect: true, strictFileInteractability: false, timeouts: {implicit: 0, pageLoad: 300000, script: 30000}, unhandledPromptBehavior: dismiss and notify, webauthn:virtualAuthenticators: true}
Session ID: 98024e3936a1f2da33134570b14861cb
*** Element info: {Using=xpath, value=//select[@id='ddlSupportType']}]]>
            </message>
            <full-stacktrace>
              <![CDATA[org.openqa.selenium.NoSuchElementException: no such element: Unable to locate element: {"method":"xpath","selector":"//select[@id='ddlSupportType']"}
  (Session info: chrome=83.0.4103.61)
For documentation on this error, please visit: https://www.seleniumhq.org/exceptions/no_such_element.html
Build info: version: '3.141.59', revision: 'e82be7d358', time: '2018-11-14T08:17:03'
System info: host: 'DESKTOP-5KN6EBV', ip: '192.168.0.102', os.name: 'Windows 10', os.arch: 'amd64', os.version: '10.0', java.version: '11.0.4'
Driver info: org.openqa.selenium.chrome.ChromeDriver
Capabilities {acceptInsecureCerts: false, browserName: chrome, browserVersion: 83.0.4103.61, chrome: {chromedriverVersion: 83.0.4103.39 (ccbf011cb2d2b..., userDataDir: C:\Users\cc\AppData\Local\T...}, goog:chromeOptions: {debuggerAddress: localhost:52316}, javascriptEnabled: true, networkConnectionEnabled: false, pageLoadStrategy: normal, platform: WINDOWS, platformName: WINDOWS, proxy: Proxy(), setWindowRect: true, strictFileInteractability: false, timeouts: {implicit: 0, pageLoad: 300000, script: 30000}, unhandledPromptBehavior: dismiss and notify, webauthn:virtualAuthenticators: true}
Session ID: 98024e3936a1f2da33134570b14861cb
*** Element info: {Using=xpath, value=//select[@id='ddlSupportType']}
at java.base/jdk.internal.reflect.NativeConstructorAccessorImpl.newInstance0(Native Method)
at java.base/jdk.internal.reflect.NativeConstructorAccessorImpl.newInstance(NativeConstructorAccessorImpl.java:62)
at java.base/jdk.internal.reflect.DelegatingConstructorAccessorImpl.newInstance(DelegatingConstructorAccessorImpl.java:45)
at java.base/java.lang.reflect.Constructor.newInstance(Constructor.java:490)
at org.openqa.selenium.remote.http.W3CHttpResponseCodec.createException(W3CHttpResponseCodec.java:187)
at org.openqa.selenium.remote.http.W3CHttpResponseCodec.decode(W3CHttpResponseCodec.java:122)
at org.openqa.selenium.remote.http.W3CHttpResponseCodec.decode(W3CHttpResponseCodec.java:49)
at org.openqa.selenium.remote.HttpCommandExecutor.execute(HttpCommandExecutor.java:158)
at org.openqa.selenium.remote.service.DriverCommandExecutor.execute(DriverCommandExecutor.java:83)
at org.openqa.selenium.remote.RemoteWebDriver.execute(RemoteWebDriver.java:552)
at org.openqa.selenium.remote.RemoteWebDriver.findElement(RemoteWebDriver.java:323)
at org.openqa.selenium.remote.RemoteWebDriver.findElementByXPath(RemoteWebDriver.java:428)
at org.openqa.selenium.By$ByXPath.findElement(By.java:353)
at org.openqa.selenium.remote.RemoteWebDriver.findElement(RemoteWebDriver.java:315)
at geoPackPages.CartPage.supportDropDown(CartPage.java:62)
at geoPackPages.UtilityFunctions.checkoutProcessWithExtSupportAgency(UtilityFunctions.java:73)
at geoPackTest.AgencyTest.AgencyAnnually10000WithExtSupport(AgencyTest.java:74)
at java.base/jdk.internal.reflect.NativeMethodAccessorImpl.invoke0(Native Method)
at java.base/jdk.internal.reflect.NativeMethodAccessorImpl.invoke(NativeMethodAccessorImpl.java:62)
at java.base/jdk.internal.reflect.DelegatingMethodAccessorImpl.invoke(DelegatingMethodAccessorImpl.java:43)
at java.base/java.lang.reflect.Method.invoke(Method.java:566)
at org.testng.internal.MethodInvocationHelper.invokeMethod(MethodInvocationHelper.java:133)
at org.testng.internal.TestInvoker.invokeMethod(TestInvoker.java:584)
at org.testng.internal.TestInvoker.invokeTestMethod(TestInvoker.java:172)
at org.testng.internal.MethodRunner.runInSequence(MethodRunner.java:46)
at org.testng.internal.TestInvoker$MethodInvocationAgent.invoke(TestInvoker.java:804)
at org.testng.internal.TestInvoker.invokeTestMethods(TestInvoker.java:145)
at org.testng.internal.TestMethodWorker.invokeTestMethods(TestMethodWorker.java:146)
at org.testng.internal.TestMethodWorker.run(TestMethodWorker.java:128)
at java.base/java.util.ArrayList.forEach(ArrayList.java:1540)
at org.testng.TestRunner.privateRun(TestRunner.java:770)
at org.testng.TestRunner.run(TestRunner.java:591)
at org.testng.SuiteRunner.runTest(SuiteRunner.java:402)
at org.testng.SuiteRunner.runSequentially(SuiteRunner.java:396)
at org.testng.SuiteRunner.privateRun(SuiteRunner.java:355)
at org.testng.SuiteRunner.run(SuiteRunner.java:304)
at org.testng.SuiteRunnerWorker.runSuite(SuiteRunnerWorker.java:53)
at org.testng.SuiteRunnerWorker.run(SuiteRunnerWorker.java:96)
at org.testng.TestNG.runSuitesSequentially(TestNG.java:1180)
at org.testng.TestNG.runSuitesLocally(TestNG.java:1102)
at org.testng.TestNG.runSuites(TestNG.java:1032)
at org.testng.TestNG.run(TestNG.java:1000)
at org.testng.remote.AbstractRemoteTestNG.run(AbstractRemoteTestNG.java:115)
at org.testng.remote.RemoteTestNG.initAndRun(RemoteTestNG.java:251)
at org.testng.remote.RemoteTestNG.main(RemoteTestNG.java:77)
]]>
            </full-stacktrace>
          </exception> <!-- org.openqa.selenium.NoSuchElementException -->
          <reporter-output>
          </reporter-output>
        </test-method> <!-- AgencyAnnually10000WithExtSupport -->
[...]
          <reporter-output>
          </reporter-output>
        </test-method> <!-- AgencyMonthly240000WithExtSupport -->
        <test-method is-config="true" signature="tearDown()[pri:0, instance:geoPackTest.AgencyTest@3829ac1]" started-at="2020-05-31T17:33:37 IST" name="tearDown" finished-at="2020-05-31T17:33:38 IST" duration-ms="692" status="PASS">
          <reporter-output>
          </reporter-output>
        </test-method> <!-- tearDown -->
        <test-method is-config="true" signature="initializeDriver()[pri:0, instance:geoPackTest.AgencyTest@3829ac1]" started-at="2020-05-31T17:33:38 IST" name="initializeDriver" finished-at="2020-05-31T17:33:50 IST" duration-ms="11771" status="PASS">
          <reporter-output>
          </reporter-output>
        </test-method> <!-- initializeDriver -->
        <test-method signature="AgencyAnnually240000NoExtSupport()[pri:19, instance:geoPackTest.AgencyTest@3829ac1]" started-at="2020-05-31T17:33:50 IST" name="AgencyAnnually240000NoExtSupport" finished-at="2020-05-31T17:34:02 IST" duration-ms="11919" status="PASS">
          <reporter-output>
          </reporter-output>
        </test-method> <!-- AgencyAnnually240000NoExtSupport -->
        <test-method is-config="true" signature="tearDown()[pri:0, instance:geoPackTest.AgencyTest@3829ac1]" started-at="2020-05-31T17:34:02 IST" name="tearDown" finished-at="2020-05-31T17:34:02 IST" duration-ms="701" status="PASS">
          <reporter-output>
          </reporter-output>
        </test-method> <!-- tearDown -->
        <test-method is-config="true" signature="initializeDriver()[pri:0, instance:geoPackTest.AgencyTest@3829ac1]" started-at="2020-05-31T17:34:02 IST" name="initializeDriver" finished-at="2020-05-31T17:34:13 IST" duration-ms="10440" status="PASS">
          <reporter-output>
          </reporter-output>
        </test-method> <!-- initializeDriver -->
        <test-method signature="AgencyAnnually240000WithExtSupport()[pri:20, instance:geoPackTest.AgencyTest@3829ac1]" started-at="2020-05-31T17:34:13 IST" name="AgencyAnnually240000WithExtSupport" finished-at="2020-05-31T17:34:25 IST" duration-ms="12099" status="PASS">
          <reporter-output>
          </reporter-output>
        </test-method> <!-- AgencyAnnually240000WithExtSupport -->
        <test-method is-config="true" signature="tearDown()[pri:0, instance:geoPackTest.AgencyTest@3829ac1]" started-at="2020-05-31T17:34:25 IST" name="tearDown" finished-at="2020-05-31T17:34:25 IST" duration-ms="689" status="PASS">
          <reporter-output>
          </reporter-output>
        </test-method> <!-- tearDown -->
        <test-method is-config="true" signature="initializeDriver()[pri:0, instance:geoPackTest.AgencyTest@3829ac1]" started-at="2020-05-31T17:34:25 IST" name="initializeDriver" finished-at="2020-05-31T17:34:36 IST" duration-ms="10792" status="PASS">
          <reporter-output>
          </reporter-output>
        </test-method> <!-- initializeDriver -->
        <test-method signature="AgencyMonthly350000NoExtSupport()[pri:21, instance:geoPackTest.AgencyTest@3829ac1]" started-at="2020-05-31T17:34:36 IST" name="AgencyMonthly350000NoExtSupport" finished-at="2020-05-31T17:34:49 IST" duration-ms="12661" status="PASS">
          <reporter-output>
          </reporter-output>
        </test-method> <!-- AgencyMonthly350000NoExtSupport -->
        <test-method is-config="true" signature="tearDown()[pri:0, instance:geoPackTest.AgencyTest@3829ac1]" started-at="2020-05-31T17:34:49 IST" name="tearDown" finished-at="2020-05-31T17:34:50 IST" duration-ms="696" status="PASS">
          <reporter-output>
          </reporter-output>
        </test-method> <!-- tearDown -->
        <test-method is-config="true" signature="initializeDriver()[pri:0, instance:geoPackTest.AgencyTest@3829ac1]" started-at="2020-05-31T17:34:50 IST" name="initializeDriver" finished-at="2020-05-31T17:35:00 IST" duration-ms="10598" status="PASS">
          <reporter-output>
          </reporter-output>
        </test-method> <!-- initializeDriver -->
        <test-method signature="AgencyMonthly350000WithExtSupport()[pri:22, instance:geoPackTest.AgencyTest@3829ac1]" started-at="2020-05-31T17:35:00 IST" name="AgencyMonthly350000WithExtSupport" finished-at="2020-05-31T17:35:13 IST" duration-ms="12472" status="PASS">
          <reporter-output>
          </reporter-output>
        </test-method> <!-- AgencyMonthly350000WithExtSupport -->
        <test-method is-config="true" signature="tearDown()[pri:0, instance:geoPackTest.AgencyTest@3829ac1]" started-at="2020-05-31T17:35:13 IST" name="tearDown" finished-at="2020-05-31T17:35:13 IST" duration-ms="699" status="PASS">
          <reporter-output>
          </reporter-output>
        </test-method> <!-- tearDown -->
        <test-method is-config="true" signature="initializeDriver()[pri:0, instance:geoPackTest.AgencyTest@3829ac1]" started-at="2020-05-31T17:35:13 IST" name="initializeDriver" finished-at="2020-05-31T17:35:24 IST" duration-ms="10841" status="PASS">
          <reporter-output>
          </reporter-output>
        </test-method> <!-- initializeDriver -->
        <test-method signature="AgencyAnnually350000NoExtSupport()[pri:23, instance:geoPackTest.AgencyTest@3829ac1]" started-at="2020-05-31T17:35:24 IST" name="AgencyAnnually350000NoExtSupport" finished-at="2020-05-31T17:35:36 IST" duration-ms="11718" status="PASS">
          <reporter-output>
          </reporter-output>
        </test-method> <!-- AgencyAnnually350000NoExtSupport -->
        <test-method is-config="true" signature="tearDown()[pri:0, instance:geoPackTest.AgencyTest@3829ac1]" started-at="2020-05-31T17:35:36 IST" name="tearDown" finished-at="2020-05-31T17:35:37 IST" duration-ms="710" status="PASS">
          <reporter-output>
          </reporter-output>
        </test-method> <!-- tearDown -->
        <test-method is-config="true" signature="initializeDriver()[pri:0, instance:geoPackTest.AgencyTest@3829ac1]" started-at="2020-05-31T17:35:37 IST" name="initializeDriver" finished-at="2020-05-31T17:35:47 IST" duration-ms="10315" status="PASS">
          <reporter-output>
          </reporter-output>
        </test-method> <!-- initializeDriver -->
        <test-method signature="AgencyAnnually350000WithExtSupport()[pri:24, instance:geoPackTest.AgencyTest@3829ac1]" started-at="2020-05-31T17:35:47 IST" name="AgencyAnnually350000WithExtSupport" finished-at="2020-05-31T17:35:59 IST" duration-ms="11729" status="PASS">
          <reporter-output>
          </reporter-output>
        </test-method> <!-- AgencyAnnually350000WithExtSupport -->
        <test-method is-config="true" signature="tearDown()[pri:0, instance:geoPackTest.AgencyTest@3829ac1]" started-at="2020-05-31T17:35:59 IST" name="tearDown" finished-at="2020-05-31T17:35:59 IST" duration-ms="701" status="PASS">
          <reporter-output>
          </reporter-output>
        </test-method> <!-- tearDown -->
        <test-method is-config="true" signature="initializeDriver()[pri:0, instance:geoPackTest.AgencyTest@3829ac1]" started-at="2020-05-31T17:35:59 IST" name="initializeDriver" finished-at="2020-05-31T17:36:10 IST" duration-ms="10370" status="PASS">
          <reporter-output>
          </reporter-output>
        </test-method> <!-- initializeDriver -->
        <test-method signature="AgencyMonthly500000NoExtSupport()[pri:25, instance:geoPackTest.AgencyTest@3829ac1]" started-at="2020-05-31T17:36:10 IST" name="AgencyMonthly500000NoExtSupport" finished-at="2020-05-31T17:36:21 IST" duration-ms="11390" status="PASS">
          <reporter-output>
          </reporter-output>
        </test-method> <!-- AgencyMonthly500000NoExtSupport -->
        <test-method is-config="true" signature="tearDown()[pri:0, instance:geoPackTest.AgencyTest@3829ac1]" started-at="2020-05-31T17:36:21 IST" name="tearDown" finished-at="2020-05-31T17:36:22 IST" duration-ms="703" status="PASS">
          <reporter-output>
          </reporter-output>
        </test-method> <!-- tearDown -->
        <test-method is-config="true" signature="initializeDriver()[pri:0, instance:geoPackTest.AgencyTest@3829ac1]" started-at="2020-05-31T17:36:22 IST" name="initializeDriver" finished-at="2020-05-31T17:36:32 IST" duration-ms="9678" status="PASS">
          <reporter-output>
          </reporter-output>
        </test-method> <!-- initializeDriver -->
        <test-method signature="AgencyMonthly500000WithExtSupport()[pri:26, instance:geoPackTest.AgencyTest@3829ac1]" started-at="2020-05-31T17:36:32 IST" name="AgencyMonthly500000WithExtSupport" finished-at="2020-05-31T17:36:44 IST" duration-ms="12005" status="PASS">
          <reporter-output>
          </reporter-output>
        </test-method> <!-- AgencyMonthly500000WithExtSupport -->
        <test-method is-config="true" signature="tearDown()[pri:0, instance:geoPackTest.AgencyTest@3829ac1]" started-at="2020-05-31T17:36:44 IST" name="tearDown" finished-at="2020-05-31T17:36:44 IST" duration-ms="707" status="PASS">
          <reporter-output>
          </reporter-output>
        </test-method> <!-- tearDown -->
        <test-method is-config="true" signature="initializeDriver()[pri:0, instance:geoPackTest.AgencyTest@3829ac1]" started-at="2020-05-31T17:36:44 IST" name="initializeDriver" finished-at="2020-05-31T17:36:54 IST" duration-ms="9936" status="PASS">
          <reporter-output>
          </reporter-output>
        </test-method> <!-- initializeDriver -->
        <test-method signature="AgencyAnnually500000NoExtSupport()[pri:27, instance:geoPackTest.AgencyTest@3829ac1]" started-at="2020-05-31T17:36:54 IST" name="AgencyAnnually500000NoExtSupport" finished-at="2020-05-31T17:37:06 IST" duration-ms="11372" status="PASS">
          <reporter-output>
          </reporter-output>
        </test-method> <!-- AgencyAnnually500000NoExtSupport -->
        <test-method is-config="true" signature="tearDown()[pri:0, instance:geoPackTest.AgencyTest@3829ac1]" started-at="2020-05-31T17:37:06 IST" name="tearDown" finished-at="2020-05-31T17:37:06 IST" duration-ms="748" status="PASS">
          <reporter-output>
          </reporter-output>
        </test-method> <!-- tearDown -->
        <test-method is-config="true" signature="initializeDriver()[pri:0, instance:geoPackTest.AgencyTest@3829ac1]" started-at="2020-05-31T17:37:06 IST" name="initializeDriver" finished-at="2020-05-31T17:37:18 IST" duration-ms="12091" status="PASS">
          <reporter-output>
          </reporter-output>
        </test-method> <!-- initializeDriver -->
        <test-method signature="AgencyAnnually500000WithExtSupport()[pri:28, instance:geoPackTest.AgencyTest@3829ac1]" started-at="2020-05-31T17:37:18 IST" name="AgencyAnnually500000WithExtSupport" finished-at="2020-05-31T17:37:30 IST" duration-ms="12012" status="PASS">
          <reporter-output>
          </reporter-output>
        </test-method> <!-- AgencyAnnually500000WithExtSupport -->
        <test-method is-config="true" signature="tearDown()[pri:0, instance:geoPackTest.AgencyTest@3829ac1]" started-at="2020-05-31T17:37:30 IST" name="tearDown" finished-at="2020-05-31T17:37:31 IST" duration-ms="723" status="PASS">
          <reporter-output>
          </reporter-output>
        </test-method> <!-- tearDown -->
        <test-method is-config="true" signature="initializeDriver()[pri:0, instance:geoPackTest.AgencyTest@3829ac1]" started-at="2020-05-31T17:37:31 IST" name="initializeDriver" finished-at="2020-05-31T17:37:41 IST" duration-ms="10078" status="PASS">
          <reporter-output>
          </reporter-output>
        </test-method> <!-- initializeDriver -->
        <test-method signature="AgencyMonthly750000NoExtSupport()[pri:29, instance:geoPackTest.AgencyTest@3829ac1]" started-at="2020-05-31T17:37:41 IST" name="AgencyMonthly750000NoExtSupport" finished-at="2020-05-31T17:37:53 IST" duration-ms="11949" status="PASS">
          <reporter-output>
          </reporter-output>
        </test-method> <!-- AgencyMonthly750000NoExtSupport -->
        <test-method is-config="true" signature="tearDown()[pri:0, instance:geoPackTest.AgencyTest@3829ac1]" started-at="2020-05-31T17:37:53 IST" name="tearDown" finished-at="2020-05-31T17:37:54 IST" duration-ms="699" status="PASS">
          <reporter-output>
          </reporter-output>
        </test-method> <!-- tearDown -->
        <test-method is-config="true" signature="initializeDriver()[pri:0, instance:geoPackTest.AgencyTest@3829ac1]" started-at="2020-05-31T17:37:54 IST" name="initializeDriver" finished-at="2020-05-31T17:38:03 IST" duration-ms="9562" status="PASS">
          <reporter-output>
          </reporter-output>
        </test-method> <!-- initializeDriver -->
        <test-method signature="AgencyMonthly750000WithExtSupport()[pri:30, instance:geoPackTest.AgencyTest@3829ac1]" started-at="2020-05-31T17:38:03 IST" name="AgencyMonthly750000WithExtSupport" finished-at="2020-05-31T17:38:15 IST" duration-ms="11355" status="PASS">
          <reporter-output>
          </reporter-output>
        </test-method> <!-- AgencyMonthly750000WithExtSupport -->
        <test-method is-config="true" signature="tearDown()[pri:0, instance:geoPackTest.AgencyTest@3829ac1]" started-at="2020-05-31T17:38:15 IST" name="tearDown" finished-at="2020-05-31T17:38:16 IST" duration-ms="697" status="PASS">
          <reporter-output>
          </reporter-output>
        </test-method> <!-- tearDown -->
        <test-method is-config="true" signature="initializeDriver()[pri:0, instance:geoPackTest.AgencyTest@3829ac1]" started-at="2020-05-31T17:38:16 IST" name="initializeDriver" finished-at="2020-05-31T17:38:26 IST" duration-ms="10457" status="PASS">
          <reporter-output>
          </reporter-output>
        </test-method> <!-- initializeDriver -->
        <test-method signature="AgencyAnnually750000NoExtSupport()[pri:31, instance:geoPackTest.AgencyTest@3829ac1]" started-at="2020-05-31T17:38:26 IST" name="AgencyAnnually750000NoExtSupport" finished-at="2020-05-31T17:38:38 IST" duration-ms="12021" status="PASS">
          <reporter-output>
          </reporter-output>
        </test-method> <!-- AgencyAnnually750000NoExtSupport -->
        <test-method is-config="true" signature="tearDown()[pri:0, instance:geoPackTest.AgencyTest@3829ac1]" started-at="2020-05-31T17:38:38 IST" name="tearDown" finished-at="2020-05-31T17:38:39 IST" duration-ms="701" status="PASS">
          <reporter-output>
          </reporter-output>
        </test-method> <!-- tearDown -->
        <test-method is-config="true" signature="initializeDriver()[pri:0, instance:geoPackTest.AgencyTest@3829ac1]" started-at="2020-05-31T17:38:39 IST" name="initializeDriver" finished-at="2020-05-31T17:38:49 IST" duration-ms="10150" status="PASS">
          <reporter-output>
          </reporter-output>
        </test-method> <!-- initializeDriver -->
        <test-method signature="AgencyAnnually750000WithExtSupport()[pri:32, instance:geoPackTest.AgencyTest@3829ac1]" started-at="2020-05-31T17:38:49 IST" name="AgencyAnnually750000WithExtSupport" finished-at="2020-05-31T17:39:01 IST" duration-ms="12255" status="PASS">
          <reporter-output>
          </reporter-output>
        </test-method> <!-- AgencyAnnually750000WithExtSupport -->
        <test-method is-config="true" signature="tearDown()[pri:0, instance:geoPackTest.AgencyTest@3829ac1]" started-at="2020-05-31T17:39:01 IST" name="tearDown" finished-at="2020-05-31T17:39:02 IST" duration-ms="700" status="PASS">
          <reporter-output>
          </reporter-output>
        </test-method> <!-- tearDown -->
        <test-method is-config="true" signature="initializeDriver()[pri:0, instance:geoPackTest.AgencyTest@3829ac1]" started-at="2020-05-31T17:39:02 IST" name="initializeDriver" finished-at="2020-05-31T17:39:11 IST" duration-ms="9604" status="PASS">
          <reporter-output>
          </reporter-output>
        </test-method> <!-- initializeDriver -->
        <test-method signature="AgencyMonthly1000000NoExtSupport()[pri:33, instance:geoPackTest.AgencyTest@3829ac1]" started-at="2020-05-31T17:39:11 IST" name="AgencyMonthly1000000NoExtSupport" finished-at="2020-05-31T17:39:24 IST" duration-ms="12136" status="PASS">
          <reporter-output>
          </reporter-output>
        </test-method> <!-- AgencyMonthly1000000NoExtSupport -->
        <test-method is-config="true" signature="tearDown()[pri:0, instance:geoPackTest.AgencyTest@3829ac1]" started-at="2020-05-31T17:39:24 IST" name="tearDown" finished-at="2020-05-31T17:39:24 IST" duration-ms="713" status="PASS">
          <reporter-output>
          </reporter-output>
        </test-method> <!-- tearDown -->
        <test-method is-config="true" signature="initializeDriver()[pri:0, instance:geoPackTest.AgencyTest@3829ac1]" started-at="2020-05-31T17:39:24 IST" name="initializeDriver" finished-at="2020-05-31T17:39:34 IST" duration-ms="9965" status="PASS">
          <reporter-output>
          </reporter-output>
        </test-method> <!-- initializeDriver -->
        <test-method signature="AgencyMonthly1000000WithExtSupport()[pri:34, instance:geoPackTest.AgencyTest@3829ac1]" started-at="2020-05-31T17:39:34 IST" name="AgencyMonthly1000000WithExtSupport" finished-at="2020-05-31T17:39:46 IST" duration-ms="11610" status="PASS">
          <reporter-output>
          </reporter-output>
        </test-method> <!-- AgencyMonthly1000000WithExtSupport -->
        <test-method is-config="true" signature="tearDown()[pri:0, instance:geoPackTest.AgencyTest@3829ac1]" started-at="2020-05-31T17:39:46 IST" name="tearDown" finished-at="2020-05-31T17:39:47 IST" duration-ms="714" status="PASS">
          <reporter-output>
          </reporter-output>
        </test-method> <!-- tearDown -->
        <test-method is-config="true" signature="initializeDriver()[pri:0, instance:geoPackTest.AgencyTest@3829ac1]" started-at="2020-05-31T17:39:47 IST" name="initializeDriver" finished-at="2020-05-31T17:39:56 IST" duration-ms="9517" status="PASS">
          <reporter-output>
          </reporter-output>
        </test-method> <!-- initializeDriver -->
        <test-method signature="AgencyAnnually1000000NoExtSupport()[pri:35, instance:geoPackTest.AgencyTest@3829ac1]" started-at="2020-05-31T17:39:56 IST" name="AgencyAnnually1000000NoExtSupport" finished-at="2020-05-31T17:40:07 IST" duration-ms="11441" status="PASS">
          <reporter-output>
          </reporter-output>
        </test-method> <!-- AgencyAnnually1000000NoExtSupport -->
        <test-method is-config="true" signature="tearDown()[pri:0, instance:geoPackTest.AgencyTest@3829ac1]" started-at="2020-05-31T17:40:07 IST" name="tearDown" finished-at="2020-05-31T17:40:08 IST" duration-ms="704" status="PASS">
          <reporter-output>
          </reporter-output>
        </test-method> <!-- tearDown -->
        <test-method is-config="true" signature="initializeDriver()[pri:0, instance:geoPackTest.AgencyTest@3829ac1]" started-at="2020-05-31T17:40:08 IST" name="initializeDriver" finished-at="2020-05-31T17:40:20 IST" duration-ms="11918" status="PASS">
          <reporter-output>
          </reporter-output>
        </test-method> <!-- initializeDriver -->
        <test-method signature="AgencyAnnually1000000WithExtSupport()[pri:36, instance:geoPackTest.AgencyTest@3829ac1]" started-at="2020-05-31T17:40:20 IST" name="AgencyAnnually1000000WithExtSupport" finished-at="2020-05-31T17:40:32 IST" duration-ms="11515" status="PASS">
          <reporter-output>
          </reporter-output>
        </test-method> <!-- AgencyAnnually1000000WithExtSupport -->
        <test-method is-config="true" signature="tearDown()[pri:0, instance:geoPackTest.AgencyTest@3829ac1]" started-at="2020-05-31T17:40:32 IST" name="tearDown" finished-at="2020-05-31T17:40:32 IST" duration-ms="716" status="PASS">
          <reporter-output>
          </reporter-output>
        </test-method> <!-- tearDown -->
      </class> <!-- geoPackTest.AgencyTest -->
    </test> <!-- TestChrome -->
  </suite> <!-- Suite -->
</testng-results>
